This is pdfeTeX, Version 3.141592-1.21a-2.2 (Web2C 7.5.4) (format=latex 2009.10.30)  1 DEC 2009 12:30
entering extended mode
**doc.tex
(./doc.tex
LaTeX2e <2003/12/01>
Babel <v3.8d> and hyphenation patterns for american, french, german, ngerman, b
ahasa, basque, bulgarian, catalan, croatian, czech, danish, dutch, esperanto, e
stonian, finnish, greek, icelandic, irish, italian, latin, magyar, norsk, polis
h, portuges, romanian, russian, serbian, slovak, slovene, spanish, swedish, tur
kish, ukrainian, nohyphenation, loaded.
(/usr/share/texmf/tex/latex/base/article.cls
Document Class: article 2004/02/16 v1.4f Standard LaTeX document class
(/usr/share/texmf/tex/latex/base/size10.clo
File: size10.clo 2004/02/16 v1.4f Standard LaTeX file (size option)
)
\c@part=\count79
\c@section=\count80
\c@subsection=\count81
\c@subsubsection=\count82
\c@paragraph=\count83
\c@subparagraph=\count84
\c@figure=\count85
\c@table=\count86
\abovecaptionskip=\skip41
\belowcaptionskip=\skip42
\bibindent=\dimen102
) (./psfig.sty
\@unused=\write3
\ps@stream=\read1
\p@intvaluex=\dimen103
\p@intvaluey=\dimen104

psfig/tex 1.10-dvips
) (/usr/share/texmf/tex/generic/epsf/epsf.tex
This is `epsf.tex' v2.7k <10 July 1997>
\epsffilein=\read2
\epsfframemargin=\dimen105
\epsfframethickness=\dimen106
\epsfrsize=\dimen107
\epsftmp=\dimen108
\epsftsize=\dimen109
\epsfxsize=\dimen110
\epsfysize=\dimen111
\pspoints=\dimen112
\epsfnoopenhelp=\toks14
) (/usr/share/texmf/tex/latex/tools/multicol.sty
Package: multicol 2004/02/14 v1.6e multicolumn formatting (FMi)
\c@tracingmulticols=\count87
\mult@box=\box26
\multicol@leftmargin=\dimen113
\c@unbalance=\count88
\c@collectmore=\count89
\doublecol@number=\count90
\multicoltolerance=\count91
\multicolpretolerance=\count92
\full@width=\dimen114
\page@free=\dimen115
\premulticols=\dimen116
\postmulticols=\dimen117
\multicolsep=\skip43
\multicolbaselineskip=\skip44
\partial@page=\box27
\last@line=\box28
\mult@rightbox=\box29
\mult@grightbox=\box30
\mult@gfirstbox=\box31
\mult@firstbox=\box32
\@tempa=\box33
\@tempa=\box34
\@tempa=\box35
\@tempa=\box36
\@tempa=\box37
\@tempa=\box38
\@tempa=\box39
\@tempa=\box40
\@tempa=\box41
\@tempa=\box42
\@tempa=\box43
\@tempa=\box44
\@tempa=\box45
\@tempa=\box46
\@tempa=\box47
\@tempa=\box48
\@tempa=\box49
\c@columnbadness=\count93
\c@finalcolumnbadness=\count94
\last@try=\dimen118
\multicolovershoot=\dimen119
\multicolundershoot=\dimen120
\mult@nat@firstbox=\box50
\colbreak@box=\box51
) (./natbib.sty
Package: natbib 1997/07/05 6.6 (PWD)
\bibhang=\skip45
\bibsep=\skip46
LaTeX Info: Redefining \cite on input line 416.
\c@NAT@ctr=\count95
) (./doc.aux)
\openout1 = `doc.aux'.

LaTeX Font Info:    Checking defaults for OML/cmm/m/it on input line 11.
LaTeX Font Info:    ... okay on input line 11.
LaTeX Font Info:    Checking defaults for T1/cmr/m/n on input line 11.
LaTeX Font Info:    ... okay on input line 11.
LaTeX Font Info:    Checking defaults for OT1/cmr/m/n on input line 11.
LaTeX Font Info:    ... okay on input line 11.
LaTeX Font Info:    Checking defaults for OMS/cmsy/m/n on input line 11.
LaTeX Font Info:    ... okay on input line 11.
LaTeX Font Info:    Checking defaults for OMX/cmex/m/n on input line 11.
LaTeX Font Info:    ... okay on input line 11.
LaTeX Font Info:    Checking defaults for U/cmr/m/n on input line 11.
LaTeX Font Info:    ... okay on input line 11.

psfig: searching roms_gui.eps for bounding box
psfig: including roms_gui.eps 
[0

] (./doc.toc
LaTeX Font Info:    External font `cmex10' loaded for size
(Font)              <7> on input line 2.
LaTeX Font Info:    External font `cmex10' loaded for size
(Font)              <5> on input line 2.
)
\tf@toc=\write4
\openout4 = `doc.toc'.

 [0] (./intro.tex
Underfull \hbox (badness 10000) in paragraph at lines 72--74

 []


Underfull \hbox (badness 10000) in paragraph at lines 72--74

 []


Underfull \hbox (badness 10000) in paragraph at lines 72--74

 []


Underfull \hbox (badness 10000) in paragraph at lines 72--74

 []


Underfull \hbox (badness 10000) in paragraph at lines 72--74

 []


Underfull \hbox (badness 10000) in paragraph at lines 72--74

 []


Underfull \hbox (badness 10000) in paragraph at lines 78--83

 []

[1] [2]
Underfull \hbox (badness 10000) in paragraph at lines 201--205

 []

LaTeX Font Info:    Try loading font information for OMS+cmr on input line 206.

(/usr/share/texmf/tex/latex/base/omscmr.fd
File: omscmr.fd 1999/05/25 v2.5h Standard LaTeX font definitions
)
LaTeX Font Info:    Font shape `OMS/cmr/m/n' in size <10> not available
(Font)              Font shape `OMS/cmsy/m/n' tried instead on input line 206.
 [3]
Underfull \hbox (badness 10000) in paragraph at lines 283--286

 []


Overfull \hbox (14.37393pt too wide) in paragraph at lines 287--289
[]\OT1/cmr/m/n/10 Download lib-DAP and load-DAP tar.gz ver-sion at the web lo-c
a-tion http://www.opendap.org 
 []


Underfull \hbox (badness 10000) in paragraph at lines 289--290

 []


Underfull \hbox (badness 10000) in paragraph at lines 294--311

 []

[4]
Underfull \hbox (badness 10000) in paragraph at lines 311--321

 []


Underfull \hbox (badness 10000) in paragraph at lines 321--347

 []

[5]
Underfull \hbox (badness 10000) in paragraph at lines 347--350

 []


Underfull \hbox (badness 10000) in paragraph at lines 350--352

 []

) (./roms.tex) (./tutorial.tex
Overfull \hbox (15.69833pt too wide) in paragraph at lines 8--78
\OT1/cmr/m/n/10 Once the in-stal-la-tion has been suc-cess-ful, launch a Mat-la
b ses-sion in the di-rec-tory: $\OMS/cmsy/m/n/10 ^^X$\OT1/cmr/m/n/10 /Roms[]too
ls/Run.
 []


Underfull \hbox (badness 10000) in paragraph at lines 8--78

 []


Underfull \hbox (badness 10000) in paragraph at lines 8--78

 []


Underfull \hbox (badness 10000) in paragraph at lines 8--78

 []


Underfull \hbox (badness 10000) in paragraph at lines 8--78

 []

[6] [7]
Overfull \hbox (10.8836pt too wide) in paragraph at lines 86--89
[]\OT1/cmr/m/n/10 ROMS[]files[]dir=[RUN[]dir,'ROMS[]FILES/'] : Roms[]tools/Run/
ROMS[]FILES/ di-rec-tory. This
 []

[8]
Underfull \hbox (badness 10000) in paragraph at lines 136--208

 []


Underfull \hbox (badness 10000) in paragraph at lines 136--208

 []

[9] [10]
Underfull \hbox (badness 10000) in paragraph at lines 266--314

 []


Underfull \hbox (badness 10000) in paragraph at lines 266--314

 []


Underfull \hbox (badness 10000) in paragraph at lines 266--314

 []


Underfull \hbox (badness 10000) in paragraph at lines 266--314

 []


Underfull \hbox (badness 10000) in paragraph at lines 266--314

 []


Underfull \hbox (badness 10000) in paragraph at lines 266--314

 []


Underfull \hbox (badness 10000) in paragraph at lines 266--314

 []


Underfull \hbox (badness 10000) in paragraph at lines 266--314

 []


Underfull \hbox (badness 10000) in paragraph at lines 266--314

 []


Underfull \hbox (badness 10000) in paragraph at lines 266--314

 []


Underfull \hbox (badness 10000) in paragraph at lines 266--314

 []

[11]
Overfull \hbox (4.03175pt too wide) in paragraph at lines 324--329
[]\OT1/cmr/m/n/10 Figure (1[]) presents the bot-tom to-pog-ra-phy ob-tained wit
h make[]grid.m for the South-ern Benguela
 []

psfig: searching make_grid_benguela.eps for bounding box
psfig: including make_grid_benguela.eps 

LaTeX Warning: `!h' float specifier changed to `!ht'.


Underfull \hbox (badness 10000) in paragraph at lines 339--369

 []


Underfull \hbox (badness 10000) in paragraph at lines 339--369

 []

[12]
Overfull \hbox (0.23738pt too wide) in paragraph at lines 376--379
[]\OT1/cmr/m/n/10 pathfinder[]sst[]name=[ROMSTOOLS[]dir,SST[]pathfinder/climato
[]pathfinder.nc'] : Di-rec-tory
 []


Underfull \hbox (badness 10000) in paragraph at lines 382--438

 []


Underfull \hbox (badness 10000) in paragraph at lines 382--438

 []


Underfull \hbox (badness 10000) in paragraph at lines 382--438

 []


Underfull \hbox (badness 10000) in paragraph at lines 382--438

 []


Underfull \hbox (badness 10000) in paragraph at lines 382--438

 []


Underfull \hbox (badness 10000) in paragraph at lines 382--438

 []


Underfull \hbox (badness 10000) in paragraph at lines 382--438

 []


Underfull \hbox (badness 10000) in paragraph at lines 382--438

 []


Underfull \hbox (badness 10000) in paragraph at lines 382--438

 []


Underfull \hbox (badness 10000) in paragraph at lines 382--438

 []


Underfull \hbox (badness 10000) in paragraph at lines 382--438

 []


Underfull \hbox (badness 10000) in paragraph at lines 382--438

 []


Underfull \hbox (badness 10000) in paragraph at lines 382--438

 []


Underfull \hbox (badness 10000) in paragraph at lines 382--438

 []


Underfull \hbox (badness 10000) in paragraph at lines 382--438

 []

[13]
psfig: searching make_frcwind_benguela.eps for bounding box
psfig: including make_frcwind_benguela.eps 
[14]
Underfull \hbox (badness 10000) in paragraph at lines 447--497

 []


Underfull \hbox (badness 10000) in paragraph at lines 447--497

 []

[15]
Overfull \hbox (3.7817pt too wide) in paragraph at lines 500--504
\OT1/cmr/m/n/10 be com-pat-i-ble with the open bound-ary CPP-switches in the fi
le $\OMS/cmsy/m/n/10 ^^X$\OT1/cmr/m/n/10 /Roms[]tools/Run/cppdefs.h. 
 []


Overfull \hbox (12.28177pt too wide) in paragraph at lines 508--510
[]\OT1/cmr/m/n/10 makeclim=1 : Switch to de-fine if the cli-ma-tol-ogy (lat-era
l bound-ary con-di-tions) file (roms[]clm.nc)
 []


Overfull \hbox (14.5206pt too wide) in paragraph at lines 517--519
[]\OT1/cmr/m/n/10 makeZbry=1 :Switch to de-fine if the bound-ary in-ter-me-di-a
te file on a z co-or-di-nate (roms[]bry[]Z.nc)
 []

[16]
psfig: searching make_clim_benguela.eps for bounding box
psfig: including make_clim_benguela.eps 

Underfull \hbox (badness 10000) in paragraph at lines 534--563

 []


Underfull \hbox (badness 10000) in paragraph at lines 534--563

 []


Underfull \hbox (badness 10000) in paragraph at lines 534--563

 []


Underfull \hbox (badness 10000) in paragraph at lines 534--563

 []


Underfull \hbox (badness 10000) in paragraph at lines 534--563

 []


Underfull \hbox (badness 10000) in paragraph at lines 564--580

 []


Underfull \hbox (badness 10000) in paragraph at lines 564--580

 []


Underfull \hbox (badness 10000) in paragraph at lines 564--580

 []


Underfull \hbox (badness 10000) in paragraph at lines 564--580

 []


Underfull \hbox (badness 10000) in paragraph at lines 564--580

 []

[17]
Overfull \hbox (7.79465pt too wide) in paragraph at lines 583--587
\OT1/cmr/m/n/10 Once all the netcdf data files are ready (i.e. XXX[]grd.nc, XXX
[]frc.nc, XXX[]ini.nc, and XXX[]clm.nc),
 []


Underfull \hbox (badness 10000) in paragraph at lines 589--593

 []


Underfull \hbox (badness 10000) in paragraph at lines 594--601

 []


Underfull \hbox (badness 10000) in paragraph at lines 603--609

 []


Underfull \hbox (badness 10000) in paragraph at lines 623--629

 []


Underfull \hbox (badness 10000) in paragraph at lines 623--629

 []


Underfull \hbox (badness 10000) in paragraph at lines 623--629

 []


Underfull \hbox (badness 10000) in paragraph at lines 623--629

 []


Underfull \hbox (badness 10000) in paragraph at lines 623--629

 []

[18]
Underfull \hbox (badness 10000) in paragraph at lines 629--631

 []


Underfull \hbox (badness 10000) in paragraph at lines 632--634

 []


Underfull \hbox (badness 10000) in paragraph at lines 634--636

 []


Underfull \hbox (badness 10000) in paragraph at lines 640--642

 []


Underfull \hbox (badness 10000) in paragraph at lines 645--647

 []


Underfull \hbox (badness 10000) in paragraph at lines 652--658

 []


Underfull \hbox (badness 10000) in paragraph at lines 652--658

 []


Underfull \hbox (badness 10000) in paragraph at lines 652--658

 []


Underfull \hbox (badness 10000) in paragraph at lines 652--658

 []


Underfull \hbox (badness 10000) in paragraph at lines 652--658

 []


Underfull \hbox (badness 10000) in paragraph at lines 652--658

 []


Underfull \hbox (badness 10000) in paragraph at lines 652--658

 []


Underfull \hbox (badness 10000) in paragraph at lines 652--658

 []

[19]
Underfull \hbox (badness 10000) in paragraph at lines 663--666

 []


Underfull \hbox (badness 10000) in paragraph at lines 668--670

 []


Underfull \hbox (badness 10000) in paragraph at lines 673--675

 []


Underfull \hbox (badness 10000) in paragraph at lines 677--681

 []


Underfull \hbox (badness 10000) in paragraph at lines 685--687

 []

[20]
Underfull \hbox (badness 10000) in paragraph at lines 703--705

 []


Underfull \hbox (badness 10000) in paragraph at lines 706--708

 []


Underfull \hbox (badness 10000) in paragraph at lines 709--712

 []


Underfull \hbox (badness 10000) in paragraph at lines 717--719

 []

[21]
Underfull \hbox (badness 10000) in paragraph at lines 727--729

 []


Underfull \hbox (badness 10000) in paragraph at lines 741--743

 []

[22]
Underfull \hbox (badness 10000) in paragraph at lines 771--775

 []


Underfull \hbox (badness 10000) in paragraph at lines 771--775

 []


Underfull \hbox (badness 10000) in paragraph at lines 782--784

 []


Underfull \hbox (badness 10000) in paragraph at lines 788--790

 []


Overfull \hbox (7.12245pt too wide) in paragraph at lines 806--1026
\OT1/cmr/m/n/10 Edit the in-put pa-ram-e-ter file: $\OMS/cmsy/m/n/10 ^^X$\OT1/c
mr/m/n/10 /Roms[]tools/Run/roms.in. The ver-ti-cal grid pa-ram-e-ters (THETA[]S
,
 []


Underfull \hbox (badness 10000) in paragraph at lines 806--1026

 []


Underfull \hbox (badness 10000) in paragraph at lines 806--1026

 []


Underfull \hbox (badness 10000) in paragraph at lines 806--1026

 []


Underfull \hbox (badness 10000) in paragraph at lines 806--1026

 []


Underfull \hbox (badness 10000) in paragraph at lines 806--1026

 []


Underfull \hbox (badness 10000) in paragraph at lines 806--1026

 []


Underfull \hbox (badness 10000) in paragraph at lines 806--1026

 []


Underfull \hbox (badness 10000) in paragraph at lines 806--1026

 []


Underfull \hbox (badness 10000) in paragraph at lines 806--1026

 []


Underfull \hbox (badness 10000) in paragraph at lines 806--1026

 []


Underfull \hbox (badness 10000) in paragraph at lines 806--1026

 []


Underfull \hbox (badness 10000) in paragraph at lines 806--1026

 []


Underfull \hbox (badness 10000) in paragraph at lines 806--1026

 []


Underfull \hbox (badness 10000) in paragraph at lines 806--1026

 []


Underfull \hbox (badness 10000) in paragraph at lines 806--1026

 []


Underfull \hbox (badness 10000) in paragraph at lines 806--1026

 []


Underfull \hbox (badness 10000) in paragraph at lines 806--1026

 []


Underfull \hbox (badness 10000) in paragraph at lines 806--1026

 []


Underfull \hbox (badness 10000) in paragraph at lines 806--1026

 []


Underfull \hbox (badness 10000) in paragraph at lines 806--1026

 []


Underfull \hbox (badness 10000) in paragraph at lines 806--1026

 []


Underfull \hbox (badness 10000) in paragraph at lines 806--1026

 []


Underfull \hbox (badness 10000) in paragraph at lines 806--1026

 []

[23] [24] [25] [26] [27]
Underfull \hbox (badness 10000) in paragraph at lines 1049--1081

 []


Underfull \hbox (badness 10000) in paragraph at lines 1049--1081

 []


Underfull \hbox (badness 10000) in paragraph at lines 1049--1081

 []

[28]
Overfull \hbox (3.96278pt too wide) in paragraph at lines 1090--1092
[]\OT1/cmr/m/n/10 MSSOUT=`pwd`/ROMS[]FILES : Di-rec-tory where the roms out-put
 NetCDF files (roms[]his.nc,
 []


Underfull \hbox (badness 10000) in paragraph at lines 1104--1105

 []


Underfull \hbox (badness 10000) in paragraph at lines 1106--1109

 []

psfig: searching roms_gui_select.eps for bounding box
psfig: including roms_gui_select.eps 
psfig: searching roms_gui.eps for bounding box
psfig: including roms_gui.eps 

Underfull \hbox (badness 10000) in paragraph at lines 1113--1135

 []


Underfull \hbox (badness 10000) in paragraph at lines 1113--1135

 []

[29]
Overfull \hbox (40.2848pt too wide) in paragraph at lines 1150--1154
[]\OT1/cmr/m/n/10 Pot[]vort : Hor-i-zon-tal slice of the ver-ti-cal com-po-nent
 of Er-tel's po-ten-tial vor-tic-ity: $[] []$.
 []

[30]
Overfull \hbox (12.06232pt too wide) in paragraph at lines 1190--1192
[]\OT1/cmr/m/n/10 get[]Smean.m : Get the sea-sonal and an-nual mean cli-ma-tol-
ogy from the out-puts of get[]Mmean.m. 
 []


Underfull \hbox (badness 10000) in paragraph at lines 1199--1201

 []

)
Underfull \hbox (badness 10000) in paragraph at lines 1211--46

 []

(./tides.tex
Overfull \hbox (9.54837pt too wide) in paragraph at lines 1--37
\OT1/cmr/m/n/10 The tidal com-po-nents are added to the forc-ing file (XXX[]frc
.nc) by the Mat-lab pro-gram make[]tides.m.
 []


Underfull \hbox (badness 10000) in paragraph at lines 1--37

 []


Underfull \hbox (badness 10000) in paragraph at lines 1--37

 []


Underfull \hbox (badness 10000) in paragraph at lines 1--37

 []

[31]
Underfull \hbox (badness 10000) in paragraph at lines 49--51

 []


Underfull \hbox (badness 10000) in paragraph at lines 49--51

 []


Underfull \hbox (badness 10000) in paragraph at lines 49--51

 []


Underfull \hbox (badness 10000) in paragraph at lines 49--51

 []

)
Underfull \hbox (badness 10000) in paragraph at lines 52--49

 []


Underfull \hbox (badness 10000) in paragraph at lines 52--49

 []


Underfull \hbox (badness 10000) in paragraph at lines 52--49

 []


Underfull \hbox (badness 10000) in paragraph at lines 52--49

 []


Underfull \hbox (badness 10000) in paragraph at lines 52--49

 []

[32] (./inter_annual_simulation.tex
Underfull \hbox (badness 10000) in paragraph at lines 9--46

 []


Overfull \hbox (156.54378pt too wide) in paragraph at lines 9--46
\OT1/cmr/m/n/10 %%%%%%%%%%%%%%%%%%%%%%%%%%%%%%%%%%%%%%%%%%%%%%%%%%%%%%%%%%%%%%%
%%%%%%% 
 []


Overfull \hbox (156.54378pt too wide) in paragraph at lines 9--46
\OT1/cmr/m/n/10 %%%%%%%%%%%%%%%%%%%%%%%%%%%%%%%%%%%%%%%%%%%%%%%%%%%%%%%%%%%%%%%
%%%%%%% 
 []


Underfull \hbox (badness 10000) in paragraph at lines 9--46

 []

[33]
Underfull \hbox (badness 10000) in paragraph at lines 60--82

 []


Underfull \hbox (badness 10000) in paragraph at lines 60--82

 []


Underfull \hbox (badness 10000) in paragraph at lines 60--82

 []


Overfull \hbox (43.6429pt too wide) in paragraph at lines 60--82
\OT1/cmr/m/n/10 Process the first dataset: http://www.cdc.noaa.gov/cgi-bin/nph-
nc/Datasets/ncep.reanalysis/surface[]gauss/ 
 []

[34]
Underfull \hbox (badness 10000) in paragraph at lines 85--116

 []


Underfull \hbox (badness 10000) in paragraph at lines 85--116

 []


Underfull \hbox (badness 10000) in paragraph at lines 85--116

 []


Underfull \hbox (badness 10000) in paragraph at lines 85--116

 []


Underfull \hbox (badness 10000) in paragraph at lines 85--116

 []

[35]
Underfull \hbox (badness 10000) in paragraph at lines 134--157

 []


Underfull \hbox (badness 10000) in paragraph at lines 134--157

 []


Underfull \hbox (badness 10000) in paragraph at lines 134--157

 []


Overfull \hbox (8.64014pt too wide) in paragraph at lines 134--157
\OT1/cmr/m/n/10 Process the dataset: http://iridl.ldeo.columbia.edu./SOURCES/.C
ARTON-GIESE/.SODA/.v1p4p3 
 []


Underfull \hbox (badness 10000) in paragraph at lines 170--221

 []


Overfull \hbox (39.87675pt too wide) in paragraph at lines 170--221
\OT1/cmr/m/n/10 ######################################################## 
 []


Underfull \hbox (badness 10000) in paragraph at lines 170--221

 []

[36]
Overfull \hbox (3.96278pt too wide) in paragraph at lines 228--230
[]\OT1/cmr/m/n/10 MSSOUT=`pwd`/ROMS[]FILES : Di-rec-tory where the roms out-put
 NetCDF files (roms[]his.nc,
 []

[37]
Overfull \hbox (2.92796pt too wide) in paragraph at lines 250--253
[]\OT1/cmr/m/n/10 TIME[]SCHED=1 : (ob-so-lete) 0 if us-ing yearly files, 1 if u
s-ing monthly files. Since make[]NCEP
 []

)
Underfull \hbox (badness 10000) in paragraph at lines 256--52

 []


Underfull \hbox (badness 10000) in paragraph at lines 256--52

 []

(./nesting.tex
psfig: searching nesting_fig1.eps for bounding box
psfig: including nesting_fig1.eps 

Underfull \hbox (badness 10000) in paragraph at lines 27--37

 []

[38]
Underfull \hbox (badness 10000) in paragraph at lines 59--70

 []


Underfull \hbox (badness 10000) in paragraph at lines 59--70

 []

psfig: searching nesting_select.eps for bounding box
psfig: including nesting_select.eps 
psfig: searching nesting.eps for bounding box
psfig: including nesting.eps 
[39] [40]
Overfull \hbox (6.28362pt too wide) in paragraph at lines 166--173
\OT1/cmr/m/n/10 http://www.intel.com/software/products/compilers/flin/noncom.ht
m. To be able to com-pile ROMS
 []


Underfull \hbox (badness 10000) in paragraph at lines 208--221

 []

[41]) (./biology.tex
Underfull \hbox (badness 10000) in paragraph at lines 1--26

 []


Underfull \hbox (badness 10000) in paragraph at lines 1--26

 []


Underfull \hbox (badness 10000) in paragraph at lines 33--63

 []


Underfull \hbox (badness 10000) in paragraph at lines 33--63

 []


Underfull \hbox (badness 10000) in paragraph at lines 33--63

 []


Underfull \hbox (badness 10000) in paragraph at lines 33--63

 []


Underfull \hbox (badness 10000) in paragraph at lines 33--63

 []


Underfull \hbox (badness 10000) in paragraph at lines 33--63

 []

[42]
Underfull \hbox (badness 10000) in paragraph at lines 71--73

 []

) (./forecast.tex
Overfull \hbox (27.49736pt too wide) in paragraph at lines 24--30
[]\OT1/cmr/m/n/10 The ROMS in-put files $\OMS/cmsy/m/n/10 ^^X$\OT1/cmr/m/n/10 /
Roms[]tools/Run/roms[]hindcast.in and $\OMS/cmsy/m/n/10 ^^X$\OT1/cmr/m/n/10 /Ro
ms[]tools/Run/roms[]forecast.in
 []

) [43] (./biblio.tex [44]) [45] (./doc.aux) ) 
Here is how much of TeX's memory you used:
 900 strings out of 94501
 10020 string characters out of 1176788
 73627 words of memory out of 1000000
 4093 multiletter control sequences out of 10000+50000
 6409 words of font info for 23 fonts, out of 500000 for 2000
 580 hyphenation exceptions out of 1000
 23i,5n,24p,240b,295s stack positions out of 1500i,500n,5000p,200000b,5000s

Output written on doc.dvi (47 pages, 159368 bytes).
