This is pdfeTeX, Version 3.141592-1.21a-2.2 (Web2C 7.5.4) (format=latex 2010.6.28)  20 JUL 2010 10:27
entering extended mode
**\input doc.tex
(./doc.tex (/usr/share/texmf/tex/latex/base/book.cls
Document Class: book 2004/02/16 v1.4f Standard LaTeX document class
(/usr/share/texmf/tex/latex/base/bk11.clo
File: bk11.clo 2004/02/16 v1.4f Standard LaTeX file (size option)
)
\c@part=\count79
\c@chapter=\count80
\c@section=\count81
\c@subsection=\count82
\c@subsubsection=\count83
\c@paragraph=\count84
\c@subparagraph=\count85
\c@figure=\count86
\c@table=\count87
\abovecaptionskip=\skip41
\belowcaptionskip=\skip42
\bibindent=\dimen102
) (./psfig.sty
\@unused=\write3
\ps@stream=\read1
\p@intvaluex=\dimen103
\p@intvaluey=\dimen104

psfig/tex 1.10-dvips
) (/usr/share/texmf/tex/generic/epsf/epsf.tex
This is `epsf.tex' v2.7k <10 July 1997>
\epsffilein=\read2
\epsfframemargin=\dimen105
\epsfframethickness=\dimen106
\epsfrsize=\dimen107
\epsftmp=\dimen108
\epsftsize=\dimen109
\epsfxsize=\dimen110
\epsfysize=\dimen111
\pspoints=\dimen112
\epsfnoopenhelp=\toks14
) (/usr/share/texmf/tex/latex/tools/multicol.sty
Package: multicol 2004/02/14 v1.6e multicolumn formatting (FMi)
\c@tracingmulticols=\count88
\mult@box=\box26
\multicol@leftmargin=\dimen113
\c@unbalance=\count89
\c@collectmore=\count90
\doublecol@number=\count91
\multicoltolerance=\count92
\multicolpretolerance=\count93
\full@width=\dimen114
\page@free=\dimen115
\premulticols=\dimen116
\postmulticols=\dimen117
\multicolsep=\skip43
\multicolbaselineskip=\skip44
\partial@page=\box27
\last@line=\box28
\mult@rightbox=\box29
\mult@grightbox=\box30
\mult@gfirstbox=\box31
\mult@firstbox=\box32
\@tempa=\box33
\@tempa=\box34
\@tempa=\box35
\@tempa=\box36
\@tempa=\box37
\@tempa=\box38
\@tempa=\box39
\@tempa=\box40
\@tempa=\box41
\@tempa=\box42
\@tempa=\box43
\@tempa=\box44
\@tempa=\box45
\@tempa=\box46
\@tempa=\box47
\@tempa=\box48
\@tempa=\box49
\c@columnbadness=\count94
\c@finalcolumnbadness=\count95
\last@try=\dimen118
\multicolovershoot=\dimen119
\multicolundershoot=\dimen120
\mult@nat@firstbox=\box50
\colbreak@box=\box51
) (./natbib.sty
Package: natbib 1997/07/05 6.6 (PWD)
\bibhang=\skip45
\bibsep=\skip46
LaTeX Info: Redefining \cite on input line 416.
\c@NAT@ctr=\count96
)
(/usr/share/texmf/tex/latex/graphics/lscape.sty
Package: lscape 2000/10/22 v3.01 Landscape Pages (DPC)

(/usr/share/texmf/tex/latex/graphics/graphics.sty
Package: graphics 2001/07/07 v1.0n Standard LaTeX Graphics (DPC,SPQR)

(/usr/share/texmf/tex/latex/graphics/trig.sty
Package: trig 1999/03/16 v1.09 sin cos tan (DPC)
)
(/usr/share/texmf/tex/latex/graphics/graphics.cfg
File: graphics.cfg 2005/02/03 v1.3 graphics configuration of teTeX/TeXLive
)
Package graphics Info: Driver file: dvips.def on input line 80.

(/usr/share/texmf/tex/latex/graphics/dvips.def
File: dvips.def 1999/02/16 v3.0i Driver-dependant file (DPC,SPQR)
)))
(/usr/share/texmf/tex/latex/graphics/graphicx.sty
Package: graphicx 1999/02/16 v1.0f Enhanced LaTeX Graphics (DPC,SPQR)

(/usr/share/texmf/tex/latex/graphics/keyval.sty
Package: keyval 1999/03/16 v1.13 key=value parser (DPC)
\KV@toks@=\toks15
)
\Gin@req@height=\dimen121
\Gin@req@width=\dimen122
)
(/usr/share/texmf/tex/latex/subfigure/subfigure.sty
Package: subfigure 2002/07/30 v2.1.4 subfigure package
\subfigtopskip=\skip47
\subfigcapskip=\skip48
\subfigcaptopadj=\dimen123
\subfigbottomskip=\skip49
\subfigcapmargin=\dimen124
\subfiglabelskip=\skip50
\c@subfigure=\count97
\c@lofdepth=\count98
\c@subtable=\count99
\c@lotdepth=\count100

****************************************
* Local config file subfigure.cfg used *
****************************************
(/usr/share/texmf/tex/latex/subfigure/subfigure.cfg)
\subfig@top=\skip51
\subfig@bottom=\skip52
)
(/usr/share/texmf/tex/latex/tools/longtable.sty
Package: longtable 2004/02/01 v4.11 Multi-page Table package (DPC)
\LTleft=\skip53
\LTright=\skip54
\LTpre=\skip55
\LTpost=\skip56
\LTchunksize=\count101
\LTcapwidth=\dimen125
\LT@head=\box52
\LT@firsthead=\box53
\LT@foot=\box54
\LT@lastfoot=\box55
\LT@cols=\count102
\LT@rows=\count103
\c@LT@tables=\count104
\c@LT@chunks=\count105
\LT@p@ftn=\toks16
)
(/usr/share/texmf/tex/latex/graphics/color.sty
Package: color 1999/02/16 v1.0i Standard LaTeX Color (DPC)

(/usr/share/texmf/tex/latex/graphics/color.cfg
File: color.cfg 2005/02/03 v1.3 color configuration of teTeX/TeXLive
)
Package color Info: Driver file: dvips.def on input line 125.

(/usr/share/texmf/tex/latex/graphics/dvipsnam.def
File: dvipsnam.def 1999/02/16 v3.0i Driver-dependant file (DPC,SPQR)
))
(/usr/share/texmf/tex/latex/base/inputenc.sty
Package: inputenc 2004/02/05 v1.0d Input encoding file

(/usr/share/texmf/tex/latex/base/latin1.def
File: latin1.def 2004/02/05 v1.0d Input encoding file
)) (./doc.aux

LaTeX Warning: Label `fig:makeclimpiscesNO4' multiply defined.


LaTeX Warning: Label `sec:quikscat-daily-data' multiply defined.


LaTeX Warning: Label `tab:cppkeysSurForc' multiply defined.

)
\openout1 = `doc.aux'.

LaTeX Font Info:    Checking defaults for OML/cmm/m/it on input line 18.
LaTeX Font Info:    ... okay on input line 18.
LaTeX Font Info:    Checking defaults for T1/cmr/m/n on input line 18.
LaTeX Font Info:    ... okay on input line 18.
LaTeX Font Info:    Checking defaults for OT1/cmr/m/n on input line 18.
LaTeX Font Info:    ... okay on input line 18.
LaTeX Font Info:    Checking defaults for OMS/cmsy/m/n on input line 18.
LaTeX Font Info:    ... okay on input line 18.
LaTeX Font Info:    Checking defaults for OMX/cmex/m/n on input line 18.
LaTeX Font Info:    ... okay on input line 18.
LaTeX Font Info:    Checking defaults for U/cmr/m/n on input line 18.
LaTeX Font Info:    ... okay on input line 18.
File: Figures/romsgui_vizu_pagegarde.eps Graphic file (type eps)
 <Figures/romsgui_vizu_pagegarde.eps> [1

] [2

] (./abstract.tex
Underfull \hbox (badness 10000) in paragraph at lines 7--13

 []


Underfull \hbox (badness 10000) in paragraph at lines 14--19

 []


Underfull \hbox (badness 10000) in paragraph at lines 20--26

 []

LaTeX Font Info:    External font `cmex10' loaded for size
(Font)              <10.95> on input line 28.
LaTeX Font Info:    External font `cmex10' loaded for size
(Font)              <8> on input line 28.
LaTeX Font Info:    External font `cmex10' loaded for size
(Font)              <6> on input line 28.
) [3] [4

] (./doc.toc [5])
\tf@toc=\write4
\openout4 = `doc.toc'.

 [6]
Chapter 1.
(./intro_romstools.tex
Underfull \hbox (badness 10000) in paragraph at lines 37--39

 []


Underfull \hbox (badness 10000) in paragraph at lines 37--39

 []


Underfull \hbox (badness 10000) in paragraph at lines 37--39

 []


Underfull \hbox (badness 10000) in paragraph at lines 37--39

 []


Underfull \hbox (badness 10000) in paragraph at lines 37--39

 []


Underfull \hbox (badness 10000) in paragraph at lines 37--39

 []


Underfull \hbox (badness 10000) in paragraph at lines 43--48

 []

[7

] [8]
Underfull \hbox (badness 10000) in paragraph at lines 198--202

 []

LaTeX Font Info:    Try loading font information for OMS+cmr on input line 203.

(/usr/share/texmf/tex/latex/base/omscmr.fd
File: omscmr.fd 1999/05/25 v2.5h Standard LaTeX font definitions
)
LaTeX Font Info:    Font shape `OMS/cmr/m/n' in size <10.95> not available
(Font)              Font shape `OMS/cmsy/m/n' tried instead on input line 203.
 [9]
Overfull \hbox (46.61429pt too wide) in paragraph at lines 218--223
\OT1/cmr/m/n/10.95 labR14sp1 un-til R2008a (http://mexcdf.sourceforge.net/downl
oads/mexcdf-R2008a.r2691.zip) 
 []


Overfull \hbox (0.58168pt too wide) in paragraph at lines 225--227
[]\OT1/cmr/m/n/10.95 m[]map : The Mat-lab map-ping tool-box (http://www2.ocgy.u
bc.ca/$\OMS/cmsy/m/n/10.95 ^^X$\OT1/cmr/m/n/10.95 rich/map.html). 
 []


Overfull \hbox (8.95232pt too wide) in paragraph at lines 241--243
[]\OT1/cmr/m/n/10.95 Preprocessing[]tools : Pre-pro-cess-ing Mat-lab scripts (m
ake[]grid.m, make[]forcing, etc...). 
 []


Overfull \hbox (49.92967pt too wide) in paragraph at lines 254--258
\OT1/cmr/m/n/10.95 (Eg-bert and Ero-feeva, 2002): http://www.oce.orst.edu/resea
rch/po/research/tide/global.html. 
 []


Overfull \hbox (31.262pt too wide) in paragraph at lines 258--261
\OT1/cmr/m/n/10.95 Sandwell, 1997). Orig-i-nal data can be found at: http://top
ex.ucsd.edu/cgi-bin/get[]data.cgi 
 []

[10]
Underfull \hbox (badness 10000) in paragraph at lines 280--281

 []


Overfull \hbox (32.19429pt too wide) in paragraph at lines 282--284
[]\OT1/cmr/m/n/10.95 Download lib-DAP and load-DAP tar.gz ver-sion at the web l
o-ca-tion http://www.opendap.org 
 []


Underfull \hbox (badness 10000) in paragraph at lines 284--285

 []


Underfull \hbox (badness 10000) in paragraph at lines 288--305

 []

[11]
Underfull \hbox (badness 10000) in paragraph at lines 305--315

 []


Underfull \hbox (badness 10000) in paragraph at lines 315--341

 []


Underfull \hbox (badness 10000) in paragraph at lines 341--344

 []


Underfull \hbox (badness 10000) in paragraph at lines 344--346

 []

[12] [13]) (./tutorial.tex
Overfull \hbox (57.73463pt too wide) in paragraph at lines 7--10
\OT1/cmr/m/n/10.95 Once the in-stal-la-tion has been suc-cess-ful, launch a Mat
-lab ses-sion in the di-rec-tory: $\OMS/cmsy/m/n/10.95 ^^X$\OT1/cmr/m/n/10.95 /
Roms[]tools/Run.
 []


Underfull \hbox (badness 10000) in paragraph at lines 35--37

 []


Underfull \hbox (badness 10000) in paragraph at lines 51--53

 []


Underfull \hbox (badness 10000) in paragraph at lines 55--125

 []


Underfull \hbox (badness 10000) in paragraph at lines 55--125

 []

[14]
Underfull \vbox (badness 10000) has occurred while \output is active []

 [15]
Overfull \hbox (14.63885pt too wide) in paragraph at lines 137--138
[]\OT1/cmr/m/n/10.95 FORC[]DATA[]DIR = [RUN[]dir,'DATA/'] : Forc-ing data di-re
c-tory (NCEP, QUIKSCAT,
 []

[16]
Overfull \hbox (2.89705pt too wide) in paragraph at lines 163--166
[]\OT1/cmr/m/n/10.95 bryname=[ROMS[]files[]dir,'roms[]bry.nc'] : Name of the RO
MS in-put NetCDF bound-
 []


Overfull \hbox (17.68066pt too wide) in paragraph at lines 168--171
\OT1/cmr/m/n/10.95 ex-am-ple, a forc-ing file based on NCEP for Jan-uary 2000 i
s : roms[]frc[]NCEP[]Y2000M1.nc 
 []


Overfull \hbox (8.49486pt too wide) in paragraph at lines 171--175
\OT1/cmr/m/n/10.95 ex-am-ple, a bulk file based on NCEP for Jan-uary 2000 is : 
roms[]blk[]NCEP[]Y2000M1.nc 
 []


Underfull \hbox (badness 10000) in paragraph at lines 187--259

 []


Underfull \hbox (badness 10000) in paragraph at lines 187--259

 []

[17]
Underfull \vbox (badness 10000) has occurred while \output is active []

 [18]
[19]
Underfull \hbox (badness 10000) in paragraph at lines 317--365

 []


Underfull \hbox (badness 10000) in paragraph at lines 317--365

 []


Underfull \hbox (badness 10000) in paragraph at lines 317--365

 []


Underfull \hbox (badness 10000) in paragraph at lines 317--365

 []


Underfull \hbox (badness 10000) in paragraph at lines 317--365

 []


Underfull \hbox (badness 10000) in paragraph at lines 317--365

 []


Underfull \hbox (badness 10000) in paragraph at lines 317--365

 []


Underfull \hbox (badness 10000) in paragraph at lines 317--365

 []


Underfull \hbox (badness 10000) in paragraph at lines 317--365

 []


Underfull \hbox (badness 10000) in paragraph at lines 317--365

 []


Underfull \hbox (badness 10000) in paragraph at lines 317--365

 []

[20]
psfig: searching Figures/make_grid_benguela.eps for bounding box
psfig: including Figures/make_grid_benguela.eps 

LaTeX Warning: `!h' float specifier changed to `!ht'.


Underfull \hbox (badness 10000) in paragraph at lines 390--420

 []


Underfull \hbox (badness 10000) in paragraph at lines 390--420

 []

[21]
Overfull \hbox (10.63142pt too wide) in paragraph at lines 427--430
[]\OT1/cmr/m/n/10.95 pathfinder[]sst[]name=[ROMSTOOLS[]dir,SST[]pathfinder/clim
ato[]pathfinder.nc'] : Di-
 []

[22]
Underfull \hbox (badness 10000) in paragraph at lines 433--489

 []


Underfull \hbox (badness 10000) in paragraph at lines 433--489

 []


Underfull \hbox (badness 10000) in paragraph at lines 433--489

 []


Underfull \hbox (badness 10000) in paragraph at lines 433--489

 []


Underfull \hbox (badness 10000) in paragraph at lines 433--489

 []


Underfull \hbox (badness 10000) in paragraph at lines 433--489

 []


Underfull \hbox (badness 10000) in paragraph at lines 433--489

 []


Underfull \hbox (badness 10000) in paragraph at lines 433--489

 []


Underfull \hbox (badness 10000) in paragraph at lines 433--489

 []


Underfull \hbox (badness 10000) in paragraph at lines 433--489

 []


Underfull \hbox (badness 10000) in paragraph at lines 433--489

 []


Underfull \hbox (badness 10000) in paragraph at lines 433--489

 []


Underfull \hbox (badness 10000) in paragraph at lines 433--489

 []


Underfull \hbox (badness 10000) in paragraph at lines 433--489

 []


Underfull \hbox (badness 10000) in paragraph at lines 433--489

 []

[23]
psfig: searching Figures/windspeed_make_forcing.eps for bounding box
psfig: including Figures/windspeed_make_forcing.eps 

Underfull \hbox (badness 10000) in paragraph at lines 498--554

 []


Underfull \hbox (badness 10000) in paragraph at lines 498--554

 []


Underfull \hbox (badness 10000) in paragraph at lines 498--554

 []


Underfull \hbox (badness 10000) in paragraph at lines 498--554

 []


Underfull \vbox (badness 10000) has occurred while \output is active []

 [24]
Underfull \vbox (badness 10000) has occurred while \output is active []

 [25]
[26]
psfig: searching Figures/sectiontemp_make_clim_benguela.eps for bounding box
psfig: including Figures/sectiontemp_make_clim_benguela.eps 

Underfull \hbox (badness 10000) in paragraph at lines 593--622

 []


Underfull \hbox (badness 10000) in paragraph at lines 593--622

 []


Underfull \hbox (badness 10000) in paragraph at lines 593--622

 []


Underfull \hbox (badness 10000) in paragraph at lines 593--622

 []


LaTeX Warning: `!h' float specifier changed to `!ht'.


Underfull \hbox (badness 10000) in paragraph at lines 623--639

 []


Underfull \hbox (badness 10000) in paragraph at lines 623--639

 []


Underfull \hbox (badness 10000) in paragraph at lines 623--639

 []


Underfull \hbox (badness 10000) in paragraph at lines 623--639

 []


Underfull \hbox (badness 10000) in paragraph at lines 623--639

 []

[27]
Overfull \hbox (8.40561pt too wide) in paragraph at lines 642--645
\OT1/cmr/m/n/10.95 XXX[]clm.nc), we can pre-pare ROMS for com-pi-la-tion. All i
s done in the $\OMS/cmsy/m/n/10.95 ^^X$\OT1/cmr/m/n/10.95 /Roms[]tools/Run/
 []


Underfull \hbox (badness 10000) in paragraph at lines 647--650

 []


Underfull \hbox (badness 10000) in paragraph at lines 651--658

 []


Underfull \hbox (badness 10000) in paragraph at lines 660--666

 []


Underfull \vbox (badness 1997) has occurred while \output is active []

 [28]
Underfull \hbox (badness 10000) in paragraph at lines 692--694

 []


Underfull \hbox (badness 10000) in paragraph at lines 695--884

 []


Underfull \hbox (badness 10000) in paragraph at lines 695--884

 []


Underfull \hbox (badness 10000) in paragraph at lines 695--884

 []


Underfull \hbox (badness 10000) in paragraph at lines 695--884

 []


Underfull \hbox (badness 10000) in paragraph at lines 695--884

 []


Underfull \hbox (badness 10000) in paragraph at lines 695--884

 []


Underfull \hbox (badness 10000) in paragraph at lines 695--884

 []


Underfull \hbox (badness 10000) in paragraph at lines 695--884

 []


Underfull \hbox (badness 10000) in paragraph at lines 695--884

 []


Underfull \hbox (badness 10000) in paragraph at lines 695--884

 []

[29]
Underfull \vbox (badness 10000) has occurred while \output is active []

 [30]
Underfull \vbox (badness 10000) has occurred while \output is active []

 [31]
Underfull \hbox (badness 10000) in paragraph at lines 885--927

 []


Underfull \hbox (badness 10000) in paragraph at lines 929--1005

 []


Underfull \hbox (badness 10000) in paragraph at lines 929--1005

 []


Underfull \hbox (badness 10000) in paragraph at lines 929--1005

 []


Underfull \hbox (badness 10000) in paragraph at lines 929--1005

 []


Underfull \hbox (badness 10000) in paragraph at lines 929--1005

 []


Underfull \hbox (badness 10000) in paragraph at lines 929--1005

 []


Underfull \hbox (badness 10000) in paragraph at lines 929--1005

 []


Underfull \hbox (badness 10000) in paragraph at lines 929--1005

 []


Underfull \hbox (badness 10000) in paragraph at lines 929--1005

 []


Underfull \hbox (badness 10000) in paragraph at lines 929--1005

 []


Underfull \hbox (badness 10000) in paragraph at lines 929--1005

 []


Underfull \hbox (badness 10000) in paragraph at lines 929--1005

 []

[32]
Underfull \vbox (badness 10000) has occurred while \output is active []

 [33]
Underfull \hbox (badness 10000) in paragraph at lines 1028--1060

 []


Underfull \hbox (badness 10000) in paragraph at lines 1028--1060

 []


Underfull \hbox (badness 10000) in paragraph at lines 1028--1060

 []

[34]
Overfull \hbox (36.33716pt too wide) in paragraph at lines 1067--1069
[]\OT1/cmr/m/n/10.95 MSSDIR=`pwd`/ROMS[]FILES : Di-rec-tory where the roms in-p
ut NetCDF files (roms[]grd.nc,
 []

[35]
Underfull \hbox (badness 10000) in paragraph at lines 1083--1084

 []


Underfull \hbox (badness 10000) in paragraph at lines 1085--1088

 []

psfig: searching Figures/roms_gui_entrance.eps for bounding box
psfig: including Figures/roms_gui_entrance.eps 
psfig: searching Figures/romsgui_vizuM2_2.eps for bounding box
psfig: including Figures/romsgui_vizuM2_2.eps 

Underfull \hbox (badness 10000) in paragraph at lines 1092--1114

 []


Underfull \hbox (badness 10000) in paragraph at lines 1092--1114

 []

[36]
Underfull \vbox (badness 2020) has occurred while \output is active []

 [37]
Underfull \hbox (badness 10000) in paragraph at lines 1178--1180

 []

[38])
Underfull \hbox (badness 10000) in paragraph at lines 1190--59

 []

(./tides.tex
Underfull \hbox (badness 10000) in paragraph at lines 1--38

 []


Underfull \hbox (badness 10000) in paragraph at lines 1--38

 []

[39]
Underfull \hbox (badness 10000) in paragraph at lines 48--50

 []

)
Underfull \hbox (badness 10000) in paragraph at lines 54--62

 []


Underfull \hbox (badness 10000) in paragraph at lines 54--62

 []


Underfull \hbox (badness 10000) in paragraph at lines 54--62

 []

[40] (./biology.tex
Underfull \hbox (badness 10000) in paragraph at lines 3--36

 []


Underfull \hbox (badness 10000) in paragraph at lines 3--36

 []


Underfull \hbox (badness 10000) in paragraph at lines 47--78

 []


Underfull \hbox (badness 10000) in paragraph at lines 47--78

 []


Underfull \hbox (badness 10000) in paragraph at lines 47--78

 []


Underfull \hbox (badness 10000) in paragraph at lines 47--78

 []


Underfull \hbox (badness 10000) in paragraph at lines 47--78

 []


Underfull \hbox (badness 10000) in paragraph at lines 47--78

 []

[41]
Underfull \hbox (badness 10000) in paragraph at lines 88--90

 []


Underfull \hbox (badness 10000) in paragraph at lines 93--97

 []

[42]
LaTeX Font Info:    External font `cmex10' loaded for size
(Font)              <9> on input line 100.
LaTeX Font Info:    External font `cmex10' loaded for size
(Font)              <5> on input line 100.

Underfull \hbox (badness 10000) in paragraph at lines 102--118

 []


Underfull \hbox (badness 10000) in paragraph at lines 102--118

 []


Underfull \hbox (badness 10000) in paragraph at lines 125--128

 []


Underfull \hbox (badness 10000) in paragraph at lines 129--154

 []


Underfull \hbox (badness 10000) in paragraph at lines 129--154

 []

[43]
Underfull \hbox (badness 10000) in paragraph at lines 155--158

 []

File: Figures/NO3_surf_t1.eps Graphic file (type eps)
<Figures/NO3_surf_t1.eps>
File: Figures/NO3_profil_t1.eps Graphic file (type eps)
 <Figures/NO3_profil_t1.eps>
Overfull \hbox (7.29997pt too wide) in paragraph at lines 161--166
[][] [] 
 []

File: Figures/PO4_surf_t1.eps Graphic file (type eps)
<Figures/PO4_surf_t1.eps>
File: Figures/PO4_profil_t1.eps Graphic file (type eps)
 <Figures/PO4_profil_t1.eps>
Overfull \hbox (7.29997pt too wide) in paragraph at lines 173--178
[][] [] 
 []

File: Figures/dustdepo_surface.eps Graphic file (type eps)
<Figures/dustdepo_surface.eps>
Overfull \hbox (3.65pt too wide) in paragraph at lines 188--191
 [][] 
 []


Overfull \hbox (76.42044pt too wide) in paragraph at lines 195--197
[]\OT1/cmr/m/n/10.95 If the makepisces =1 in rom-stools[]param.m, \OT1/cmr/bx/n
/10.95 make[]clim.m \OT1/cmr/m/n/10.95 will pro-cess di-rectly \OT1/cmr/bx/n/10
.95 make[]clim[]pisces.m\OT1/cmr/m/n/10.95 ,
 []


Underfull \hbox (badness 10000) in paragraph at lines 195--197

 []


Underfull \hbox (badness 10000) in paragraph at lines 201--203

 []

[44] [45]) (./inter_annual_simulation.tex
Underfull \hbox (badness 10000) in paragraph at lines 9--30

 []


Underfull \hbox (badness 10000) in paragraph at lines 9--30

 []


Underfull \hbox (badness 10000) in paragraph at lines 31--35

 []


Underfull \hbox (badness 10000) in paragraph at lines 36--41

 []


Underfull \hbox (badness 10000) in paragraph at lines 42--46

 []


Underfull \hbox (badness 10000) in paragraph at lines 42--46

 []

[46]
Underfull \hbox (badness 10000) in paragraph at lines 47--55

 []


Underfull \hbox (badness 10000) in paragraph at lines 56--57

 []


Underfull \hbox (badness 10000) in paragraph at lines 59--63

 []


Overfull \hbox (2.25461pt too wide) in paragraph at lines 80--84
[]\OT1/cmr/m/n/10.95 itolap[]qscat = Over-lap pa-ram-e-ters for the monthly rom
s forc-ing files us-ing QuikSCAT
 []

[47]
Underfull \hbox (badness 10000) in paragraph at lines 92--106

 []


Underfull \hbox (badness 10000) in paragraph at lines 92--106

 []


Underfull \hbox (badness 10000) in paragraph at lines 92--106

 []


Underfull \hbox (badness 10000) in paragraph at lines 107--109

 []


Underfull \hbox (badness 10000) in paragraph at lines 129--139

 []


Underfull \hbox (badness 10000) in paragraph at lines 129--139

 []

[48]
Underfull \hbox (badness 10000) in paragraph at lines 140--142

 []


Underfull \hbox (badness 10000) in paragraph at lines 143--147

 []


Underfull \hbox (badness 10000) in paragraph at lines 148--154

 []


Underfull \hbox (badness 10000) in paragraph at lines 155--157

 []


Underfull \hbox (badness 10000) in paragraph at lines 159--160

 []


Underfull \hbox (badness 10000) in paragraph at lines 161--169

 []


Underfull \hbox (badness 10000) in paragraph at lines 161--169

 []


Underfull \hbox (badness 10000) in paragraph at lines 180--185

 []


Underfull \hbox (badness 10000) in paragraph at lines 186--187

 []


Overfull \hbox (6.79262pt too wide) in paragraph at lines 189--204
\OT1/cmr/m/n/10.95 QSCAT[]clim[]file = [DATADIR,'QuikSCAT[]clim/roms[]QSCAT[]mo
nth[]clim[]2000[]2007.nc'];
 []


Underfull \hbox (badness 10000) in paragraph at lines 189--204

 []

[49]
Underfull \hbox (badness 10000) in paragraph at lines 206--209

 []


Underfull \hbox (badness 10000) in paragraph at lines 213--230

 []


Underfull \hbox (badness 10000) in paragraph at lines 213--230

 []


Underfull \hbox (badness 10000) in paragraph at lines 213--230

 []


Underfull \hbox (badness 10000) in paragraph at lines 235--238

 []


Underfull \hbox (badness 10000) in paragraph at lines 241--274

 []


Underfull \hbox (badness 10000) in paragraph at lines 241--274

 []


Underfull \hbox (badness 10000) in paragraph at lines 241--274

 []


Underfull \hbox (badness 10000) in paragraph at lines 241--274

 []

[50] [51]
Underfull \hbox (badness 10000) in paragraph at lines 297--320

 []


Underfull \hbox (badness 10000) in paragraph at lines 297--320

 []


Underfull \hbox (badness 10000) in paragraph at lines 297--320

 []


Overfull \hbox (50.00569pt too wide) in paragraph at lines 297--320
\OT1/cmr/m/n/10.95 Process the dataset: http://iridl.ldeo.columbia.edu./SOURCES
/.CARTON-GIESE/.SODA/.v1p4p3 
 []


Underfull \hbox (badness 10000) in paragraph at lines 333--384

 []


Overfull \hbox (84.20952pt too wide) in paragraph at lines 333--384
\OT1/cmr/m/n/10.95 ######################################################## 
 []


Underfull \hbox (badness 10000) in paragraph at lines 333--384

 []

[52]
Overfull \hbox (36.33716pt too wide) in paragraph at lines 389--391
[]\OT1/cmr/m/n/10.95 MSSDIR=`pwd`/ROMS[]FILES : Di-rec-tory where the roms in-p
ut NetCDF files (roms[]grd.nc,
 []

[53])
Underfull \hbox (badness 10000) in paragraph at lines 419--68

 []


Underfull \hbox (badness 10000) in paragraph at lines 419--68

 []

(./nesting.tex
Underfull \hbox (badness 10000) in paragraph at lines 10--21

 []


Underfull \hbox (badness 10000) in paragraph at lines 10--21

 []

[54]
File: Figures/nestgui_entrance.eps Graphic file (type eps)
 <Figures/nestgui_entrance.eps>
File: Figures/nestgui_vizu.eps Graphic file (type eps)
 <Figures/nestgui_vizu.eps> [55]
Overfull \hbox (43.35567pt too wide) in paragraph at lines 73--80
\OT1/cmr/m/n/10.95 the par-ent forc-ing file to be in-ter-po-lated (e.g. $\OMS/
cmsy/m/n/10.95 ^^X$\OT1/cmr/m/n/10.95 /Roms[]tools/Run/ROMSFILES/roms[]frc.nc).

 []


Overfull \hbox (33.79468pt too wide) in paragraph at lines 73--80
\OT1/cmr/m/n/10.95 mula. In this case, the par-ent bulk file (e.g. $\OMS/cmsy/m
/n/10.95 ^^X$\OT1/cmr/m/n/10.95 /Roms[]tools/Run/ROMSFILES/roms[]blk.nc)
 []

[56]
Underfull \hbox (badness 10000) in paragraph at lines 136--141

 []


Overfull \hbox (17.33586pt too wide) in paragraph at lines 142--145
[]\OT1/cmr/m/n/10.95 To ac-ti-vate the AGRIF nest-ing pro-ce-dure, de-fine AGRI
F in $\OMS/cmsy/m/n/10.95 ^^X$\OT1/cmr/m/n/10.95 /Roms[]tools/Run/cppdefs.h.
 []


Underfull \hbox (badness 10000) in paragraph at lines 142--145

 []


Underfull \hbox (badness 10000) in paragraph at lines 149--156

 []

[57]) [58] (./forecast.tex) [59] [60

]
Chapter 2.
(./roms.tex
Underfull \hbox (badness 10000) in paragraph at lines 26--31

 []

) [61] (./roms_agrif_embedding.tex
Overfull \hbox (15.01805pt too wide) in paragraph at lines 1--1
[]\OT1/cmr/bx/n/14.4 Nesting ca-pa-bil-i-ties, 1-WAY and 2-WAY us-ing the AGRIF

 []

psfig: searching Figures/nesting_fig1.eps for bounding box
psfig: including Figures/nesting_fig1.eps 

Underfull \hbox (badness 10000) in paragraph at lines 21--29

 []

[62]) (./ann_changelog.tex
Overfull \hbox (23.2238pt too wide) in paragraph at lines 17--20
[]\OT1/cmr/m/n/10.95 To avoid nu-mer-i-cal in-sta-bil-i-ties in the sponge wher
e there is en-hanced dif-fu-sion/diffsuivity,
 []


Package natbib Warning: Citation `fairall_l996' on page 63 undefined on input l
ine 31.


Package natbib Warning: Citation `Fairall96' on page 63 undefined on input line
 34.


Underfull \hbox (badness 10000) in paragraph at lines 49--62

 []

[63]
Underfull \hbox (badness 10000) in paragraph at lines 85--89

 []

[64]) [65] (./ann_param.tex
Underfull \hbox (badness 10000) in paragraph at lines 47--55

 []

) [66] (./ann_cpp.tex
Overfull \hbox (23.99998pt too wide) in alignment at lines 10--13
 [] [] 
 []


Overfull \hbox (23.99998pt too wide) in alignment at lines 13--17
 [] [] 
 []


Overfull \hbox (23.99998pt too wide) in alignment at lines 17--21
 [] [] 
 []


Overfull \hbox (23.99998pt too wide) in alignment at lines 21--25
 [] [] 
 []


Overfull \hbox (23.99998pt too wide) in alignment at lines 25--55
 [] [] 
 []


Underfull \vbox (badness 10000) detected at line 55
 []


Overfull \hbox (23.99998pt too wide) in alignment at lines 55--83
 [] [] 
 []


Overfull \hbox (23.99998pt too wide) in alignment at lines 83--109
 [] [] 
 []


Overfull \hbox (23.99998pt too wide) in alignment at lines 109--133
 [] [] 
 []

[67]
Overfull \hbox (23.99998pt too wide) in alignment at lines 133--156
 [] [] 
 []


Overfull \hbox (23.99998pt too wide) in alignment at lines 156--179
 [] [] 
 []

[68]
Overfull \hbox (23.99998pt too wide) in alignment at lines 179--202
 [] [] 
 []


Overfull \hbox (23.99998pt too wide) in alignment at lines 202--212
 [] [] 
 []

[69]
Overfull \hbox (23.99998pt too wide) in alignment at lines 217--220
 [] [] 
 []


Overfull \hbox (23.99998pt too wide) in alignment at lines 220--224
 [] [] 
 []


Overfull \hbox (23.99998pt too wide) in alignment at lines 224--228
 [] [] 
 []


Overfull \hbox (23.99998pt too wide) in alignment at lines 228--230
 [] [] 
 []


Overfull \hbox (23.99998pt too wide) in alignment at lines 230--254
 [] [] 
 []


Underfull \vbox (badness 10000) detected at line 254
 []


Overfull \hbox (23.99998pt too wide) in alignment at lines 259--262
 [] [] 
 []


Overfull \hbox (23.99998pt too wide) in alignment at lines 262--266
 [] [] 
 []


Overfull \hbox (23.99998pt too wide) in alignment at lines 266--270
 [] [] 
 []


Overfull \hbox (23.99998pt too wide) in alignment at lines 270--272
 [] [] 
 []


Overfull \hbox (23.99998pt too wide) in alignment at lines 272--283
 [] [] 
 []


Underfull \vbox (badness 10000) detected at line 283
 []


Underfull \hbox (badness 10000) in paragraph at lines 285--291

 []


Underfull \vbox (badness 10000) has occurred while \output is active []

 [70]
Overfull \hbox (23.99998pt too wide) in alignment at lines 295--298
 [] [] 
 []


Overfull \hbox (23.99998pt too wide) in alignment at lines 298--302
 [] [] 
 []


Overfull \hbox (23.99998pt too wide) in alignment at lines 302--306
 [] [] 
 []


Overfull \hbox (23.99998pt too wide) in alignment at lines 306--308
 [] [] 
 []


Overfull \hbox (23.99998pt too wide) in alignment at lines 308--319
 [] [] 
 []


Underfull \vbox (badness 10000) detected at line 319
 []


Overfull \hbox (23.99998pt too wide) in alignment at lines 324--327
 [] [] 
 []


Overfull \hbox (23.99998pt too wide) in alignment at lines 327--331
 [] [] 
 []


Overfull \hbox (23.99998pt too wide) in alignment at lines 331--335
 [] [] 
 []


Overfull \hbox (23.99998pt too wide) in alignment at lines 335--337
 [] [] 
 []


Overfull \hbox (23.99998pt too wide) in alignment at lines 337--349
 [] [] 
 []


Underfull \vbox (badness 10000) detected at line 349
 []


Overfull \hbox (23.99998pt too wide) in alignment at lines 356--359
 [] [] 
 []


Overfull \hbox (23.99998pt too wide) in alignment at lines 359--363
 [] [] 
 []


Overfull \hbox (23.99998pt too wide) in alignment at lines 363--367
 [] [] 
 []


Overfull \hbox (23.99998pt too wide) in alignment at lines 367--369
 [] [] 
 []


Overfull \hbox (23.99998pt too wide) in alignment at lines 369--382
 [] [] 
 []


Underfull \vbox (badness 10000) detected at line 382
 []


Underfull \hbox (badness 10000) in paragraph at lines 385--392

 []

[71]
Overfull \hbox (23.99998pt too wide) in alignment at lines 400--403
 [] [] 
 []


Overfull \hbox (23.99998pt too wide) in alignment at lines 403--407
 [] [] 
 []


Overfull \hbox (23.99998pt too wide) in alignment at lines 407--411
 [] [] 
 []


Overfull \hbox (23.99998pt too wide) in alignment at lines 411--413
 [] [] 
 []


Overfull \hbox (23.99998pt too wide) in alignment at lines 413--427
 [] [] 
 []


Underfull \vbox (badness 10000) detected at line 427
 []


Underfull \hbox (badness 10000) in paragraph at lines 429--437

 []


Overfull \hbox (23.99998pt too wide) in alignment at lines 441--444
 [] [] 
 []


Overfull \hbox (23.99998pt too wide) in alignment at lines 444--448
 [] [] 
 []


Overfull \hbox (23.99998pt too wide) in alignment at lines 448--452
 [] [] 
 []


Overfull \hbox (23.99998pt too wide) in alignment at lines 452--453
 [] [] 
 []


Overfull \hbox (23.99998pt too wide) in alignment at lines 453--465
 [] [] 
 []


Underfull \vbox (badness 10000) detected at line 465
 []


Overfull \hbox (23.99998pt too wide) in alignment at lines 483--486
 [] [] 
 []


Overfull \hbox (23.99998pt too wide) in alignment at lines 486--490
 [] [] 
 []


Overfull \hbox (23.99998pt too wide) in alignment at lines 490--494
 [] [] 
 []


Overfull \hbox (23.99998pt too wide) in alignment at lines 494--495
 [] [] 
 []


Overfull \hbox (23.99998pt too wide) in alignment at lines 495--506
 [] [] 
 []


Underfull \vbox (badness 10000) detected at line 506
 []

[72]
Underfull \hbox (badness 10000) in paragraph at lines 509--514

 []


Overfull \hbox (23.99998pt too wide) in alignment at lines 518--521
 [] [] 
 []


Overfull \hbox (23.99998pt too wide) in alignment at lines 521--525
 [] [] 
 []


Overfull \hbox (23.99998pt too wide) in alignment at lines 525--529
 [] [] 
 []


Overfull \hbox (23.99998pt too wide) in alignment at lines 529--531
 [] [] 
 []


Overfull \hbox (23.99998pt too wide) in alignment at lines 531--543
 [] [] 
 []


Underfull \vbox (badness 10000) detected at line 543
 []


Underfull \hbox (badness 10000) in paragraph at lines 545--549

 []


Overfull \hbox (23.99998pt too wide) in alignment at lines 554--557
 [] [] 
 []


Overfull \hbox (23.99998pt too wide) in alignment at lines 557--561
 [] [] 
 []


Overfull \hbox (23.99998pt too wide) in alignment at lines 561--565
 [] [] 
 []


Overfull \hbox (23.99998pt too wide) in alignment at lines 565--566
 [] [] 
 []


Overfull \hbox (23.99998pt too wide) in alignment at lines 566--582
 [] [] 
 []


Underfull \vbox (badness 10000) detected at line 582
 []


Underfull \hbox (badness 10000) in paragraph at lines 584--589

 []

[73]
Overfull \hbox (23.99998pt too wide) in alignment at lines 594--597
 [] [] 
 []


Overfull \hbox (23.99998pt too wide) in alignment at lines 597--601
 [] [] 
 []


Overfull \hbox (23.99998pt too wide) in alignment at lines 601--605
 [] [] 
 []


Overfull \hbox (23.99998pt too wide) in alignment at lines 605--607
 [] [] 
 []


Overfull \hbox (23.99998pt too wide) in alignment at lines 607--620
 [] [] 
 []


Underfull \vbox (badness 10000) detected at line 620
 []


Underfull \hbox (badness 10000) in paragraph at lines 627--638

 []


Overfull \hbox (23.99998pt too wide) in alignment at lines 643--646
 [] [] 
 []


Overfull \hbox (23.99998pt too wide) in alignment at lines 646--650
 [] [] 
 []


Overfull \hbox (23.99998pt too wide) in alignment at lines 650--654
 [] [] 
 []


Overfull \hbox (23.99998pt too wide) in alignment at lines 654--656
 [] [] 
 []


Overfull \hbox (23.99998pt too wide) in alignment at lines 656--673
 [] [] 
 []


Underfull \vbox (badness 10000) detected at line 673
 []


Underfull \hbox (badness 10000) in paragraph at lines 674--687

 []

[74]
Overfull \hbox (23.99998pt too wide) in alignment at lines 689--692
 [] [] 
 []


Overfull \hbox (23.99998pt too wide) in alignment at lines 692--696
 [] [] 
 []


Overfull \hbox (23.99998pt too wide) in alignment at lines 696--700
 [] [] 
 []


Overfull \hbox (23.99998pt too wide) in alignment at lines 700--701
 [] [] 
 []


Overfull \hbox (23.99998pt too wide) in alignment at lines 701--714
 [] [] 
 []


Underfull \vbox (badness 10000) detected at line 714
 []


Underfull \hbox (badness 10000) in paragraph at lines 717--722

 []


Overfull \hbox (23.99998pt too wide) in alignment at lines 725--728
 [] [] 
 []


Overfull \hbox (23.99998pt too wide) in alignment at lines 728--732
 [] [] 
 []


Overfull \hbox (23.99998pt too wide) in alignment at lines 732--736
 [] [] 
 []


Overfull \hbox (23.99998pt too wide) in alignment at lines 736--737
 [] [] 
 []


Overfull \hbox (23.99998pt too wide) in alignment at lines 737--757
 [] [] 
 []


Underfull \vbox (badness 10000) detected at line 757
 []


Underfull \hbox (badness 10000) in paragraph at lines 759--775

 []

[75]
Overfull \hbox (23.99998pt too wide) in alignment at lines 778--781
 [] [] 
 []


Overfull \hbox (23.99998pt too wide) in alignment at lines 781--785
 [] [] 
 []


Overfull \hbox (23.99998pt too wide) in alignment at lines 785--789
 [] [] 
 []


Overfull \hbox (23.99998pt too wide) in alignment at lines 789--791
 [] [] 
 []


Overfull \hbox (23.99998pt too wide) in alignment at lines 791--802
 [] [] 
 []


Underfull \vbox (badness 10000) detected at line 802
 []


Overfull \hbox (23.99998pt too wide) in alignment at lines 808--811
 [] [] 
 []


Overfull \hbox (23.99998pt too wide) in alignment at lines 811--815
 [] [] 
 []


Overfull \hbox (23.99998pt too wide) in alignment at lines 815--819
 [] [] 
 []


Overfull \hbox (23.99998pt too wide) in alignment at lines 819--821
 [] [] 
 []


Overfull \hbox (23.99998pt too wide) in alignment at lines 821--840
 [] [] 
 []


Underfull \vbox (badness 10000) detected at line 840
 []


Underfull \hbox (badness 10000) in paragraph at lines 843--861

 []


Underfull \hbox (badness 10000) in paragraph at lines 843--861

 []

[76]
Overfull \hbox (23.99998pt too wide) in alignment at lines 866--869
 [] [] 
 []


Overfull \hbox (23.99998pt too wide) in alignment at lines 869--873
 [] [] 
 []


Overfull \hbox (23.99998pt too wide) in alignment at lines 873--877
 [] [] 
 []


Overfull \hbox (23.99998pt too wide) in alignment at lines 877--879
 [] [] 
 []


Overfull \hbox (23.99998pt too wide) in alignment at lines 879--889
 [] [] 
 []


Underfull \vbox (badness 10000) detected at line 889
 []


Underfull \hbox (badness 10000) in paragraph at lines 891--895

 []


Overfull \hbox (23.99998pt too wide) in alignment at lines 900--903
 [] [] 
 []


Overfull \hbox (23.99998pt too wide) in alignment at lines 903--907
 [] [] 
 []


Overfull \hbox (23.99998pt too wide) in alignment at lines 907--911
 [] [] 
 []


Overfull \hbox (23.99998pt too wide) in alignment at lines 911--913
 [] [] 
 []


Overfull \hbox (23.99998pt too wide) in alignment at lines 913--925
 [] [] 
 []


Underfull \vbox (badness 10000) detected at line 925
 []


Overfull \hbox (23.99998pt too wide) in alignment at lines 937--940
 [] [] 
 []


Overfull \hbox (23.99998pt too wide) in alignment at lines 940--944
 [] [] 
 []


Overfull \hbox (23.99998pt too wide) in alignment at lines 944--948
 [] [] 
 []


Overfull \hbox (23.99998pt too wide) in alignment at lines 948--950
 [] [] 
 []


Overfull \hbox (23.99998pt too wide) in alignment at lines 950--970
 [] [] 
 []

[77]
Underfull \hbox (badness 10000) in paragraph at lines 973--990

 []


Overfull \hbox (23.99998pt too wide) in alignment at lines 994--997
 [] [] 
 []


Overfull \hbox (23.99998pt too wide) in alignment at lines 997--1001
 [] [] 
 []


Overfull \hbox (23.99998pt too wide) in alignment at lines 1001--1005
 [] [] 
 []


Overfull \hbox (23.99998pt too wide) in alignment at lines 1005--1006
 [] [] 
 []


Overfull \hbox (23.99998pt too wide) in alignment at lines 1006--1023
 [] [] 
 []


Underfull \vbox (badness 10000) detected at line 1023
 []


Underfull \hbox (badness 10000) in paragraph at lines 1025--1035

 []

[78]
Overfull \hbox (23.99998pt too wide) in alignment at lines 1039--1042
 [] [] 
 []


Overfull \hbox (23.99998pt too wide) in alignment at lines 1042--1046
 [] [] 
 []


Overfull \hbox (23.99998pt too wide) in alignment at lines 1046--1050
 [] [] 
 []


Overfull \hbox (23.99998pt too wide) in alignment at lines 1050--1052
 [] [] 
 []


Overfull \hbox (23.99998pt too wide) in alignment at lines 1052--1063
 [] [] 
 []


Underfull \vbox (badness 10000) detected at line 1063
 []

)
Underfull \hbox (badness 10000) in paragraph at lines 1064--91

 []

[79] (./ann_namelist.tex
Underfull \hbox (badness 10000) in paragraph at lines 4--114

 []


Underfull \vbox (badness 3826) has occurred while \output is active []

 [80]
Underfull \vbox (badness 10000) has occurred while \output is active []

 [81]
Overfull \hbox (23.99998pt too wide) in alignment at lines 119--122
 [] [] 
 []


Overfull \hbox (23.99998pt too wide) in alignment at lines 122--126
 [] [] 
 []


Overfull \hbox (23.99998pt too wide) in alignment at lines 126--130
 [] [] 
 []


Overfull \hbox (23.99998pt too wide) in alignment at lines 130--131
 [] [] 
 []


Overfull \hbox (23.99998pt too wide) in alignment at lines 131--163
 [] [] 
 []


Underfull \vbox (badness 10000) detected at line 163
 []


Overfull \hbox (23.99998pt too wide) in alignment at lines 163--197
 [] [] 
 []

[82]
Underfull \hbox (badness 10000) in paragraph at lines 210--210
[]|\OT1/cmr/bx/n/12 primary[]history
 []


Underfull \hbox (badness 10000) in paragraph at lines 214--214
[]|\OT1/cmr/bx/n/12 auxiliary[]history
 []


Overfull \hbox (23.99998pt too wide) in alignment at lines 197--228
 [] [] 
 []


Overfull \hbox (23.99998pt too wide) in alignment at lines 228--253
 [] [] 
 []

[83]
Overfull \hbox (23.99998pt too wide) in alignment at lines 253--287
 [] [] 
 []


Underfull \hbox (badness 10000) in paragraph at lines 302--302
[]|\OT1/cmr/bx/n/12 diag3D[]history
 []


Underfull \hbox (badness 10000) in paragraph at lines 307--307
[]|\OT1/cmr/bx/n/12 diag2D[]history
 []


Underfull \hbox (badness 10000) in paragraph at lines 312--312
[]|\OT1/cmr/bx/n/12 diag3D[]average
 []


Underfull \hbox (badness 10000) in paragraph at lines 318--318
[]|\OT1/cmr/bx/n/12 diag2D[]average
 []


Overfull \hbox (23.99998pt too wide) in alignment at lines 287--319
 [] [] 
 []

[84]
Underfull \hbox (badness 10000) in paragraph at lines 340--340
[]|\OT1/cmr/bx/n/12 diagM[]history
 []


Underfull \hbox (badness 10000) in paragraph at lines 346--346
[]|\OT1/cmr/bx/n/12 diagM[]average
 []


Overfull \hbox (23.99998pt too wide) in alignment at lines 319--350
 [] [] 
 []

[85]
Underfull \hbox (badness 10000) in paragraph at lines 377--377
[]|\OT1/cmr/bx/n/12 sediment[]history
 []


Overfull \hbox (23.99998pt too wide) in alignment at lines 350--378
 [] [] 
 []


Overfull \hbox (23.99998pt too wide) in alignment at lines 378--401
 [] [] 
 []

[86]
Overfull \hbox (23.99998pt too wide) in alignment at lines 401--424
 [] [] 
 []

[87]) [88] (./biblio.tex [89

] [90])

Package natbib Warning: There were undefined citations.

[91] (./doc.aux)

LaTeX Warning: There were multiply-defined labels.

 ) 
Here is how much of TeX's memory you used:
 1831 strings out of 94501
 22794 string characters out of 1176789
 89867 words of memory out of 1000000
 4944 multiletter control sequences out of 10000+50000
 11027 words of font info for 38 fonts, out of 500000 for 2000
 580 hyphenation exceptions out of 1000
 25i,8n,24p,376b,291s stack positions out of 1500i,500n,5000p,200000b,5000s

Output written on doc.dvi (91 pages, 283616 bytes).
