This is TeX, Version 3.14159 (Web2C 7.4.5) (format=latex 2006.1.19)  16 JAN 2007 10:27
**./images.tex
(./images.tex
LaTeX2e <2001/06/01>
Babel <v3.7h> and hyphenation patterns for american, french, german, ngerman, n
ohyphenation, loaded.

(/usr/share/texmf/tex/latex/base/article.cls
Document Class: article 2001/04/21 v1.4e Standard LaTeX document class
(/usr/share/texmf/tex/latex/base/size10.clo
File: size10.clo 2001/04/21 v1.4e Standard LaTeX file (size option)
)
\c@part=\count79
\c@section=\count80
\c@subsection=\count81
\c@subsubsection=\count82
\c@paragraph=\count83
\c@subparagraph=\count84
\c@figure=\count85
\c@table=\count86
\abovecaptionskip=\skip41
\belowcaptionskip=\skip42
\bibindent=\dimen102
) (/usr/share/texmf/tex/latex/base/ifthen.sty
Package: ifthen 2001/05/26 v1.1c Standard LaTeX ifthen package (DPC)
) (/home/ppenven/Burotique/ROMSTOOLS_users_guide_2007_01_13/psfig.sty
\@unused=\write3
\ps@stream=\read1
\p@intvaluex=\dimen103
\p@intvaluey=\dimen104
psfig/tex 1.10-dvips
) (/usr/share/texmf/tex/generic/misc/epsf.tex
This is `epsf.tex' v2.7k <10 July 1997>
\epsffilein=\read2
\epsfframemargin=\dimen105
\epsfframethickness=\dimen106
\epsfrsize=\dimen107
\epsftmp=\dimen108
\epsftsize=\dimen109
\epsfxsize=\dimen110
\epsfysize=\dimen111
\pspoints=\dimen112
\epsfnoopenhelp=\toks14
) (/usr/share/texmf/tex/latex/tools/multicol.sty
Package: multicol 2000/07/10 v1.5z multicolumn formatting (FMi)
\c@tracingmulticols=\count87
\mult@box=\box26
\multicol@leftmargin=\dimen113
\c@unbalance=\count88
\c@collectmore=\count89
\doublecol@number=\count90
\multicoltolerance=\count91
\multicolpretolerance=\count92
\full@width=\dimen114
\page@free=\dimen115
\premulticols=\dimen116
\postmulticols=\dimen117
\multicolsep=\skip43
\multicolbaselineskip=\skip44
\partial@page=\box27
\last@line=\box28
\mult@rightbox=\box29
\mult@grightbox=\box30
\mult@gfirstbox=\box31
\mult@firstbox=\box32
\@tempa=\box33
\@tempa=\box34
\@tempa=\box35
\@tempa=\box36
\@tempa=\box37
\@tempa=\box38
\@tempa=\box39
\@tempa=\box40
\@tempa=\box41
\@tempa=\box42
\@tempa=\box43
\@tempa=\box44
\@tempa=\box45
\@tempa=\box46
\@tempa=\box47
\@tempa=\box48
\@tempa=\box49
\c@columnbadness=\count93
\c@finalcolumnbadness=\count94
\last@try=\dimen118
\multicolovershoot=\dimen119
\multicolundershoot=\dimen120
\mult@nat@firstbox=\box50
\colbreak@box=\box51
) (/home/ppenven/Burotique/ROMSTOOLS_users_guide_2007_01_13/natbib.sty
Package: natbib 1997/07/05 6.6 (PWD)
\bibhang=\skip45
\bibsep=\skip46
LaTeX Info: Redefining \cite on input line 416.
\c@NAT@ctr=\count95
) (/usr/share/texmf/tex/latex/graphics/color.sty
Package: color 1999/02/16 v1.0i Standard LaTeX Color (DPC)
(/usr/share/texmf/tex/latex/config/color.cfg
File: color.cfg 2001/08/31 v1.1 color configuration of teTeX/TeXLive
)
Package color Info: Driver file: dvips.def on input line 125.
(/usr/share/texmf/tex/latex/graphics/dvips.def
File: dvips.def 1999/02/16 v3.0i Driver-dependant file (DPC,SPQR)
) (/usr/share/texmf/tex/latex/graphics/dvipsnam.def
File: dvipsnam.def 1999/02/16 v3.0i Driver-dependant file (DPC,SPQR)
)) (/usr/share/texmf/tex/latex/base/inputenc.sty
Package: inputenc 2001/07/10 v0.99a Input encoding file 
(/usr/share/texmf/tex/latex/base/latin1.def
File: latin1.def 2001/07/10 v0.99a Input encoding file 
))
\sizebox=\box52
\lthtmlwrite=\write4
(./images.aux)
\openout1 = `images.aux'.

LaTeX Font Info:    Checking defaults for OML/cmm/m/it on input line 117.
LaTeX Font Info:    ... okay on input line 117.
LaTeX Font Info:    Checking defaults for T1/cmr/m/n on input line 117.
LaTeX Font Info:    ... okay on input line 117.
LaTeX Font Info:    Checking defaults for OT1/cmr/m/n on input line 117.
LaTeX Font Info:    ... okay on input line 117.
LaTeX Font Info:    Checking defaults for OMS/cmsy/m/n on input line 117.
LaTeX Font Info:    ... okay on input line 117.
LaTeX Font Info:    Checking defaults for OMX/cmex/m/n on input line 117.
LaTeX Font Info:    ... okay on input line 117.
LaTeX Font Info:    Checking defaults for U/cmr/m/n on input line 117.
LaTeX Font Info:    ... okay on input line 117.

latex2htmlLength hsize=349.0pt

latex2htmlLength vsize=692.96063pt

latex2htmlLength hoffset=0.0pt

latex2htmlLength voffset=0.0pt

latex2htmlLength topmargin=0.0pt

latex2htmlLength topskip=0.00003pt

latex2htmlLength headheight=0.0pt

latex2htmlLength headsep=0.0pt

latex2htmlLength parskip=0.0pt plus 1.0pt

latex2htmlLength oddsidemargin=28.45274pt

latex2htmlLength evensidemargin=28.45274pt

LaTeX Font Info:    External font `cmex10' loaded for size
(Font)              <7> on input line 141.
LaTeX Font Info:    External font `cmex10' loaded for size
(Font)              <5> on input line 141.
l2hSize :tex2html_wrap_inline1773:8.14003pt::0.0pt::11.23618pt.
[1



]
l2hSize :tex2html_wrap_inline121:8.0pt::8.0pt::3.27782pt.
[2


]
l2hSize :tex2html_wrap_inline305:6.88586pt::0.0pt::17.87508pt.
[3


]
l2hSize :tex2html_wrap_inline307:6.45831pt::0.0pt::8.27783pt.
[4


]
l2hSize :tex2html_wrap_inline309:7.51782pt::0.0pt::8.3056pt.
[5


]
l2hSize :tex2html_wrap_inline311:6.88586pt::0.0pt::10.09727pt.
[6


]
l2hSize :tex2html_wrap_inline313:6.88586pt::0.0pt::5.09726pt.
[7


]
l2hSize :tex2html_wrap_inline619:6.95831pt::6.95831pt::8.27783pt.
[8


]
l2hSize :tex2html_wrap_inline623:6.95831pt::6.95831pt::8.27783pt.
[9


]
l2hSize :tex2html_wrap_inline627:6.95831pt::6.95831pt::16.05563pt.
[10


]
l2hSize :tex2html_wrap_inline649:8.0pt::8.0pt::62.17357pt.
[11


]
l2hSize :tex2html_wrap_inline657:7.33331pt::7.33331pt::12.88628pt.
[12


]
l2hSize :tex2html_wrap_inline659:9.29842pt::9.29842pt::14.26234pt.
[13


]
l2hSize :tex2html_wrap_inline661:6.45831pt::0.0pt::5.2894pt.
[14


]
l2hSize :displaymath663:25.81503pt::0.0pt::349.0pt.
[15


]
psfig: searching make_grid_benguela.eps for bounding box
psfig: including make_grid_benguela.eps 
l2hSize :figure496:225.34575pt::0.0pt::349.0pt.
[16


]
psfig: searching make_frcwind_benguela.eps for bounding box
psfig: including make_frcwind_benguela.eps 
l2hSize :figure511:209.98123pt::0.0pt::349.0pt.
[17


]
psfig: searching make_clim_benguela.eps for bounding box
psfig: including make_clim_benguela.eps 
l2hSize :figure521:155.35188pt::0.0pt::349.0pt.
[18


]
l2hSize :tex2html_wrap_inline717:6.95831pt::6.95831pt::26.61115pt.
[19


]
psfig: searching roms_gui_select.eps for bounding box
psfig: including roms_gui_select.eps 
l2hSize :figure541:167.87112pt::0.0pt::349.0pt.
[20


]
psfig: searching roms_gui.eps for bounding box
psfig: including roms_gui.eps 
l2hSize :figure546:235.5887pt::0.0pt::349.0pt.
[21


]
l2hSize :tex2html_wrap_inline749:8.64003pt::8.64003pt::53.18063pt.
[22


]
l2hSize :tex2html_wrap_inline751:9.82217pt::9.82217pt::53.02461pt.
[23


]
l2hSize :tex2html_wrap_inline753:9.29842pt::9.29842pt::36.18701pt.
[24


]
l2hSize :tex2html_wrap_inline755:12.00008pt::12.00008pt::89.28105pt.
[25


]
l2hSize :tex2html_wrap_inline757:7.44444pt::7.44444pt::24.83676pt.
[26


]
l2hSize :tex2html_wrap_inline759:9.29842pt::9.29842pt::69.21242pt.
[27


]
l2hSize :tex2html_wrap_inline761:9.63329pt::9.63329pt::40.95837pt.
[28


]
l2hSize :tex2html_wrap_inline763:9.29842pt::9.29842pt::77.38573pt.
[29


]
l2hSize :tex2html_wrap_inline765:14.03899pt::14.03899pt::205.83282pt.
[30


]
l2hSize :tex2html_wrap_inline769:8.14003pt::0.0pt::11.23618pt.
[31


]
l2hSize :tex2html_wrap_inline777:11.04997pt::11.04997pt::96.25987pt.
[32


]
psfig: searching nesting_fig1.eps for bounding box
psfig: including nesting_fig1.eps 
l2hSize :figure962:110.96564pt::0.0pt::349.0pt.
[33


]
psfig: searching nesting_select.eps for bounding box
psfig: including nesting_select.eps 
l2hSize :figure974:135.15039pt::0.0pt::349.0pt.
[34


]
psfig: searching nesting.eps for bounding box
psfig: including nesting.eps 
l2hSize :figure979:273.14636pt::0.0pt::349.0pt.
[35


]
l2hSize :tex2html_wrap_inline1007:8.0pt::8.0pt::144.93822pt.
[36


]
l2hSize :tex2html_wrap_inline1009:6.45831pt::0.0pt::6.93407pt.
[37


]
l2hSize :tex2html_wrap_inline1147:6.6428pt::0.0pt::4.94725pt.
[38


] (./images.aux) ) 
Here is how much of TeX's memory you used:
 1241 strings out of 95847
 15242 string characters out of 1194789
 63460 words of memory out of 1000001
 4210 multiletter control sequences out of 10000+50000
 3640 words of font info for 14 fonts, out of 500000 for 1000
 14 hyphenation exceptions out of 1000
 23i,6n,19p,242b,285s stack positions out of 1500i,500n,5000p,200000b,5000s

Output written on images.dvi (38 pages, 11312 bytes).
