This is TeX, Version 3.14159 (C version 6.1) (format=latex 96.3.13)  11 JUN 2001 16:58
**./images.tex
(images.tex
LaTeX2e <1995/06/01> patch level 3
Hyphenation patterns for english, loaded.

(/opt/local/teTeX/texmf/tex/latex/base/latex209.def
File: latex209.def 1995/07/07 v0.47 Standard LaTeX file
Entering LaTeX 2.09 compatibility mode.
\footheight=\dimen102
\@maxsep=\dimen103
\@dblmaxsep=\dimen104
(/opt/local/teTeX/texmf/tex/latex/base/tracefnt.sty
Package: tracefnt 1995/06/15 v3.0b Standard LaTeX package (font tracing)
\tracingfonts=\count82
LaTeX Info: Redefining \selectfont on input line 133.
)
\symbold=\mathgroup4
\symsans=\mathgroup5
\symtypewriter=\mathgroup6
\symitalic=\mathgroup7
\symsmallcaps=\mathgroup8
\symslanted=\mathgroup9
LaTeX Font Info:    Redeclaring math alphabet \mathbf on input line 276.
LaTeX Font Info:    Redeclaring math alphabet \mathsf on input line 277.
LaTeX Font Info:    Redeclaring math alphabet \mathtt on input line 278.
LaTeX Font Info:    Redeclaring math alphabet \mathit on input line 284.
LaTeX Info: Redefining \em on input line 294.
(/opt/local/teTeX/texmf/tex/latex/base/latexsym.sty
Package: latexsym 1995/03/18 v2.2a Standard LaTeX package (lasy symbols)
\symlasy=\mathgroup10
LaTeX Font Info:    Overwriting symbol font `lasy' in version `bold'
(Font)                  U/lasy/m/n --> U/lasy/b/n on input line 81.
)
LaTeX Font Info:    Redeclaring math delimiter \lgroup on input line 359.
LaTeX Font Info:    Redeclaring math delimiter \rgroup on input line 361.
LaTeX Font Info:    Redeclaring math delimiter \bracevert on input line 363.
(/opt/local/teTeX/texmf/tex/latex/config/latex209.cfg (/opt/local/teTeX/texmf/t
ex/latex/tools/rawfonts.sty
Compatibility mode: package `' requested, but `rawfonts' provided.
Package: rawfonts 1994/05/08 Low-level LaTeX 2.09 font compatibility
(/opt/local/teTeX/texmf/tex/latex/tools/somedefs.sty
Package: somedefs 1994/06/01 Toolkit for optional definitions
)
LaTeX Font Info:    Try loading font information for U+lasy on input line 30.
No file Ulasy.fd.
LaTeX Font Warning: Font shape `U/lasy/m/n ' undefined
(Font)              using `U/cmr/m/n' instead on input line 30.
))) (/opt/local/teTeX/texmf/tex/latex/base/article.cls
Document Class: article 1995/06/26 v1.3g Standard LaTeX document class
(/opt/local/teTeX/texmf/tex/latex/base/size10.clo
File: size10.clo 1995/06/26 v1.3g Standard LaTeX file (size option)
)
\c@part=\count83
\c@section=\count84
\c@subsection=\count85
\c@subsubsection=\count86
\c@paragraph=\count87
\c@subparagraph=\count88
\c@figure=\count89
\c@table=\count90
\abovecaptionskip=\skip41
\belowcaptionskip=\skip42
Compatibility mode: definition of \rm ignored.
Compatibility mode: definition of \sf ignored.
Compatibility mode: definition of \tt ignored.
Compatibility mode: definition of \bf ignored.
Compatibility mode: definition of \it ignored.
Compatibility mode: definition of \sl ignored.
Compatibility mode: definition of \sc ignored.
LaTeX Info: Redefining \cal on input line 491.
LaTeX Info: Redefining \mit on input line 492.
\bibindent=\dimen105
) (/opt/local/teTeX/texmf/tex/generic/misc/psfig.sty
\@unused=\write3
\ps@stream=\read1
\p@intvaluex=\dimen106
\p@intvaluey=\dimen107
psfig/tex 1.10-dvips
) (/opt/local/teTeX/texmf/tex/latex/base/ifthen.sty
Package: ifthen 1995/04/25 v1.0k Standard LaTeX ifthen package (DPC)
)

! LaTeX Error: LaTeX2e command \usepackage in LaTeX 2.09 document.

See the LaTeX manual or LaTeX Companion for explanation.
Type  H <return>  for immediate help.
 ...                                              
                                                  
l.20 \usepackage
                [latin1]{inputenc}
This is a LaTeX 2.09 document, but it contains \usepackage.
If you want to use the new features of LaTeX2e, your document
should begin with \documentclass rather than \documentstyle


! LaTeX Error: \usepackage before \documentclass.

See the LaTeX manual or LaTeX Companion for explanation.
Type  H <return>  for immediate help.
 ...                                              
                                                  
l.20 \usepackage[latin1]{
                         inputenc}
\usepackage may only appear in the document preamble, i.e.,
between \documentclass and \begin{document}.

\sizebox=\box26
\lthtmlwrite=\write4

! LaTeX Error: Command \selectlanguage already defined.

See the LaTeX manual or LaTeX Companion for explanation.
Type  H <return>  for immediate help.
 ...                                              
                                                  
l.111 \providecommand{\selectlanguage}[1]{}
                                           %
Your command was ignored.
Type  I <command> <return>  to replace it with another command,
or  <return>  to continue without it.

(images.aux)
LaTeX Font Info:    Checking defaults for OML/cmm/m/it on input line 115.
LaTeX Font Info:    ... okay on input line 115.
LaTeX Font Info:    Checking defaults for T1/cmr/m/n on input line 115.
LaTeX Font Info:    ... okay on input line 115.
LaTeX Font Info:    Checking defaults for OT1/cmr/m/n on input line 115.
LaTeX Font Info:    ... okay on input line 115.
LaTeX Font Info:    Checking defaults for OMS/cmsy/m/n on input line 115.
LaTeX Font Info:    ... okay on input line 115.
LaTeX Font Info:    Checking defaults for OMX/cmex/m/n on input line 115.
LaTeX Font Info:    ... okay on input line 115.
LaTeX Font Info:    Checking defaults for U/cmr/m/n on input line 115.
LaTeX Font Info:    ... okay on input line 115.

latex2htmlLength hsize=349.0pt

latex2htmlLength vsize=630.36465pt

latex2htmlLength hoffset=0.0pt

latex2htmlLength voffset=0.0pt

latex2htmlLength topmargin=0.0pt

latex2htmlLength topskip=0.00003pt

latex2htmlLength headheight=0.0pt

latex2htmlLength headsep=0.0pt

latex2htmlLength parskip=0.0pt plus 1.0pt

latex2htmlLength oddsidemargin=0.0pt

latex2htmlLength evensidemargin=0.0pt

LaTeX Font Info:    External font `cmex10' loaded for size
(Font)              <7> on input line 141.
LaTeX Font Info:    External font `cmex10' loaded for size
(Font)              <5> on input line 141.
l2hSize :tex2html_wrap_indisplay1204:14.20952pt::14.20952pt::14.48918pt.
[1



]
l2hSize :tex2html_wrap_indisplay1205:6.95831pt::6.95831pt::8.27783pt.
[2


]
l2hSize :tex2html_wrap_indisplay1206:15.0001pt::15.0001pt::85.00284pt.
[3


]
l2hSize :tex2html_wrap_indisplay1207:14.20952pt::14.20952pt::13.97061pt.
[4


]
l2hSize :tex2html_wrap_indisplay1209:15.0001pt::15.0001pt::92.78064pt.
[5


]
l2hSize :tex2html_wrap_indisplay1210:14.20952pt::14.20952pt::16.57364pt.
[6


]
l2hSize :tex2html_wrap_indisplay1212:6.95831pt::6.95831pt::18.57645pt.
[7


]
l2hSize :tex2html_wrap_indisplay1213:14.20952pt::14.20952pt::15.99725pt.
[8


]
l2hSize :tex2html_wrap_indisplay1215:15.0001pt::15.0001pt::171.0607pt.
[9


]
l2hSize :tex2html_wrap_indisplay1216:14.20952pt::14.20952pt::15.47292pt.
[10


]
l2hSize :tex2html_wrap_indisplay1218:15.0001pt::15.0001pt::169.2693pt.
[11


]
l2hSize :tex2html_wrap_indisplay1219:6.95831pt::6.95831pt::7.92828pt.
[12


]
l2hSize :tex2html_wrap_indisplay1221:6.95831pt::6.95831pt::5.50005pt.
[13


]
l2hSize :tex2html_wrap_indisplay1222:6.95831pt::6.95831pt::5.67018pt.
[14


]
l2hSize :tex2html_wrap_indisplay1224:8.0pt::8.0pt::45.625pt.
[15


]
l2hSize :tex2html_wrap_indisplay1226:7.44444pt::7.44444pt::75.03477pt.
[16


]
l2hSize :tex2html_wrap_indisplay1227:9.29842pt::9.29842pt::29.69858pt.
[17


]
l2hSize :tex2html_wrap_indisplay1228:7.6428pt::7.6428pt::33.0418pt.
[18


]
l2hSize :tex2html_wrap_indisplay1229:9.29842pt::9.29842pt::29.22171pt.
[19


]
l2hSize :tex2html_wrap_indisplay1230:8.31941pt::8.31941pt::33.0418pt.
[20


]
l2hSize :tex2html_wrap_indisplay1231:9.29842pt::9.29842pt::28.19342pt.
[21


]
l2hSize :tex2html_wrap_indisplay1232:14.09839pt::14.09839pt::34.88138pt.
[22


]
l2hSize :tex2html_wrap_indisplay1233:9.29842pt::9.29842pt::27.18027pt.
[23


]
l2hSize :tex2html_wrap_indisplay1234:14.76508pt::14.76508pt::55.93114pt.
[24


]
l2hSize :tex2html_wrap_indisplay1235:7.44444pt::7.44444pt::101.0742pt.
[25


]
l2hSize :tex2html_wrap_indisplay1237:7.6428pt::7.6428pt::26.4118pt.
[26


]
l2hSize :tex2html_wrap_indisplay1239:8.31941pt::8.31941pt::26.4118pt.
[27


]
l2hSize :tex2html_wrap_indisplay1241:6.95831pt::6.95831pt::16.05556pt.
[28


]
l2hSize :tex2html_wrap_inline585:7.33331pt::7.33331pt::19.25023pt.
[29


]
l2hSize :tex2html_wrap_inline587:7.33331pt::7.33331pt::19.53842pt.
[30


]
l2hSize :tex2html_wrap_inline589:6.45831pt::0.0pt::6.00351pt.
[31


]
l2hSize :tex2html_wrap_inline591:6.95831pt::6.95831pt::5.67018pt.
[32


]
l2hSize :tex2html_wrap_inline593:6.95831pt::6.95831pt::10.15631pt.
[33


]
l2hSize :tex2html_wrap_inline595:7.33331pt::7.33331pt::17.86949pt.
[34


]
l2hSize :tex2html_wrap_inline597:7.33331pt::7.33331pt::15.29274pt.
[35


]
l2hSize :tex2html_wrap_inline599:7.33331pt::7.33331pt::14.78616pt.
[36


]
l2hSize :tex2html_wrap_inline601:6.95831pt::6.95831pt::6.23288pt.
[37


]
l2hSize :tex2html_wrap_inline603:7.1428pt::7.1428pt::22.48628pt.
[38


]
l2hSize :tex2html_wrap_inline605:8.31941pt::8.31941pt::22.48628pt.
[39


]
l2hSize :tex2html_wrap_inline607:7.33331pt::7.33331pt::14.70523pt.
[40


]
l2hSize :tex2html_wrap_inline609:7.33331pt::7.33331pt::28.48952pt.
[41


]
l2hSize :tex2html_wrap_inline611:7.1428pt::7.1428pt::15.8563pt.
[42


]
l2hSize :tex2html_wrap_inline613:8.31941pt::8.31941pt::15.8563pt.
[43


]
l2hSize :tex2html_wrap_inline615:6.88586pt::0.0pt::12.52551pt.
[44


]
psfig: searching staggrid.eps for bounding box
psfig: including staggrid.eps 
l2hSize :figure114:175.83798pt::0.0pt::349.0pt.
[45


]
l2hSize :displaymath119:27.35951pt::0.0pt::349.0pt.
[46


]
l2hSize :displaymath126:27.35951pt::0.0pt::349.0pt.
[47


]
l2hSize :displaymath133:20.5pt::0.0pt::349.0pt.
[48


]
l2hSize :tex2html_wrap_inline621:8.14003pt::0.0pt::4.98616pt.
[49


]
l2hSize :tex2html_wrap_inline623:6.95831pt::6.95831pt::27.59242pt.
[50


]
l2hSize :displaymath145:37.00037pt::0.0pt::349.0pt.
[51


]
l2hSize :displaymath161:39.20007pt::0.0pt::349.0pt.
[52


]
l2hSize :displaymath181:39.08742pt::0.0pt::349.0pt.
[53


]
l2hSize :tex2html_wrap_inline625:6.95831pt::6.95831pt::63.70349pt.
[54


]
l2hSize :tex2html_wrap_inline627:6.83331pt::0.0pt::7.3056pt.
[55


]
l2hSize :tex2html_wrap_inline629:6.83331pt::0.0pt::35.63887pt.
[56


]
l2hSize :displaymath207:37.0pt::0.0pt::349.0pt.
[57


]
l2hSize :displaymath223:37.0pt::0.0pt::349.0pt.
[58


]
l2hSize :displaymath236:20.5pt::0.0pt::349.0pt.
[59


]
l2hSize :displaymath245:20.5pt::0.0pt::349.0pt.
[60


]
l2hSize :displaymath254:20.5pt::0.0pt::349.0pt.
[61


]
l2hSize :tex2html_wrap_indisplay1302:9.14003pt::9.14003pt::327.8232pt.
[62


]
l2hSize :tex2html_wrap_indisplay1303:9.14003pt::9.14003pt::185.40994pt.
[63


]
l2hSize :tex2html_wrap_indisplay1304:21.00017pt::21.00017pt::256.79878pt.
[64


]
l2hSize :tex2html_wrap_indisplay1305:21.00017pt::21.00017pt::265.066pt.
[65


]
l2hSize :displaymath288:35.25064pt::0.0pt::349.0pt.
[66


]
l2hSize :tex2html_wrap_indisplay1310:7.33331pt::7.33331pt::17.86949pt.
[67


]
l2hSize :tex2html_wrap_indisplay1312:19.25551pt::19.25551pt::62.47237pt.
[68


]
l2hSize :tex2html_wrap_indisplay1313:42.0782pt::42.0782pt::128.91682pt.
[69


]
l2hSize :tex2html_wrap_indisplay1314:20.36662pt::20.36662pt::125.13638pt.
[70


]
l2hSize :tex2html_wrap_indisplay1316:7.33331pt::7.33331pt::15.29274pt.
[71


]
l2hSize :tex2html_wrap_indisplay1318:19.25551pt::19.25551pt::62.47237pt.
[72


]
l2hSize :tex2html_wrap_indisplay1321:19.78323pt::19.78323pt::79.16685pt.
[73


]
l2hSize :tex2html_wrap_inline631:7.33331pt::7.33331pt::12.74191pt.
[74


]
l2hSize :displaymath330:29.14676pt::0.0pt::349.0pt.
[75


]
l2hSize :tex2html_wrap_inline633:6.45831pt::0.0pt::6.93407pt.
[76


]
l2hSize :tex2html_wrap_inline635:7.44444pt::7.44444pt::6.68405pt.
[77


]
l2hSize :tex2html_wrap_inline637:7.33331pt::7.33331pt::31.07515pt.
[78


]
l2hSize :tex2html_wrap_inline639:9.29842pt::9.29842pt::37.41139pt.
[79


]
l2hSize :displaymath340:33.0392pt::0.0pt::349.0pt.
[80


]
l2hSize :displaymath347:33.0392pt::0.0pt::349.0pt.
[81


]
l2hSize :tex2html_wrap_inline641:7.33331pt::7.33331pt::49.40839pt.
[82


]
l2hSize :tex2html_wrap_inline643:9.29842pt::9.29842pt::37.41139pt.
[83


]
l2hSize :displaymath356:22.55211pt::0.0pt::349.0pt.
[84


]
l2hSize :displaymath362:37.00037pt::0.0pt::349.0pt.
[85


]
l2hSize :tex2html_wrap_inline645:7.44444pt::7.44444pt::12.84773pt.
[86


]
l2hSize :tex2html_wrap_inline647:8.0pt::8.0pt::45.689pt.
[87


]
l2hSize :displaymath377:34.9001pt::0.0pt::349.0pt.
[88


]
l2hSize :tex2html_wrap_inline649:9.38332pt::9.38332pt::13.65009pt.
[89


]
l2hSize :displaymath392:26.3595pt::0.0pt::349.0pt.
[90


]
l2hSize :tex2html_wrap_inline651:6.83331pt::0.0pt::39.67957pt.
[91


]
l2hSize :tex2html_wrap_inline653:7.44444pt::7.44444pt::46.34477pt.
[92


]
l2hSize :tex2html_wrap_inline655:6.45831pt::0.0pt::32.37265pt.
[93


]
l2hSize :tex2html_wrap_inline657:6.95831pt::6.95831pt::45.21298pt.
[94


]
l2hSize :tex2html_wrap_inline659:6.45831pt::0.0pt::30.6701pt.
[95


]
l2hSize :tex2html_wrap_inline661:6.83331pt::0.0pt::9.625pt.
[96


]
l2hSize :tex2html_wrap_inline663:6.95831pt::6.95831pt::11.93352pt.
[97


]
l2hSize :tex2html_wrap_inline665:7.33331pt::7.33331pt::31.60243pt.
[98


]
l2hSize :tex2html_wrap_inline671:10.67732pt::10.67732pt::49.81657pt.
[99


]
l2hSize :tex2html_wrap_inline673:9.78148pt::9.78148pt::45.54485pt.
[100


]
l2hSize :tex2html_wrap_inline675:10.59998pt::10.59998pt::38.89575pt.
[101


]
l2hSize :tex2html_wrap_inline677:9.52219pt::9.52219pt::166.95302pt.
[102


]
l2hSize :displaymath416:37.00037pt::0.0pt::349.0pt.
[103


]
l2hSize :displaymath428:37.00037pt::0.0pt::349.0pt.
[104


]
l2hSize :displaymath442:20.5pt::0.0pt::349.0pt.
[105


]
l2hSize :tex2html_wrap_inline683:8.0pt::8.0pt::22.21323pt.
[106


]
l2hSize :tex2html_wrap_indisplay1365:8.0pt::8.0pt::31.69585pt.
[107


]
l2hSize :tex2html_wrap_indisplay1366:6.95831pt::6.95831pt::5.50005pt.
[108


]
l2hSize :tex2html_wrap_indisplay1367:7.44444pt::7.44444pt::75.30551pt.
[109


]
l2hSize :tex2html_wrap_indisplay1368:14.76508pt::14.76508pt::39.96042pt.
[110


]
l2hSize :tex2html_wrap_indisplay1369:6.95831pt::6.95831pt::5.50005pt.
[111


]
l2hSize :tex2html_wrap_indisplay1370:7.44444pt::7.44444pt::257.38914pt.
[112


]
l2hSize :tex2html_wrap_indisplay1371:8.0pt::8.0pt::31.69585pt.
[113


]
l2hSize :tex2html_wrap_indisplay1372:10.59998pt::10.59998pt::29.85965pt.
[114


]
l2hSize :tex2html_wrap_indisplay1373:21.00018pt::21.00018pt::262.20032pt.
[115


]
l2hSize :tex2html_wrap_indisplay1374:14.76508pt::14.76508pt::39.96042pt.
[116


]
l2hSize :tex2html_wrap_indisplay1375:12.00008pt::12.00008pt::55.45686pt.
[117


]
l2hSize :tex2html_wrap_indisplay1376:21.00018pt::21.00018pt::270.50587pt.
[118


]
l2hSize :displaymath471:26.3595pt::0.0pt::349.0pt.
[119


]
l2hSize :tex2html_wrap_inline687:6.45831pt::0.0pt::8.27783pt.
[120


]
l2hSize :tex2html_wrap_inline689:6.95831pt::6.95831pt::8.27783pt.
[121


]
l2hSize :tex2html_wrap_inline691:6.95831pt::6.95831pt::9.33339pt.
[122


] (images.aux)
LaTeX Font Warning: Some font shapes were not available, defaults substituted.
 ) 
Here is how much of TeX's memory you used:
 870 strings out of 10930
 8697 string characters out of 72420
 53902 words of memory out of 262141
 3725 multiletter control sequences out of 9500
 21332 words of font info for 73 fonts, out of 150000 for 255
 14 hyphenation exceptions out of 607
 23i,18n,20p,210b,240s stack positions out of 300i,40n,60p,3000b,4000s

Output written on images.dvi (122 pages, 26168 bytes).
