This is pdfeTeX, Version 3.141592-1.21a-2.2 (Web2C 7.5.4) (format=latex 2009.10.30)  4 DEC 2009 15:24
entering extended mode
**./images.tex
(./images.tex
LaTeX2e <2003/12/01>
Babel <v3.8d> and hyphenation patterns for american, french, german, ngerman, b
ahasa, basque, bulgarian, catalan, croatian, czech, danish, dutch, esperanto, e
stonian, finnish, greek, icelandic, irish, italian, latin, magyar, norsk, polis
h, portuges, romanian, russian, serbian, slovak, slovene, spanish, swedish, tur
kish, ukrainian, nohyphenation, loaded.

(/usr/share/texmf/tex/latex/base/book.cls
Document Class: book 2004/02/16 v1.4f Standard LaTeX document class
(/usr/share/texmf/tex/latex/base/bk11.clo
File: bk11.clo 2004/02/16 v1.4f Standard LaTeX file (size option)
)
\c@part=\count79
\c@chapter=\count80
\c@section=\count81
\c@subsection=\count82
\c@subsubsection=\count83
\c@paragraph=\count84
\c@subparagraph=\count85
\c@figure=\count86
\c@table=\count87
\abovecaptionskip=\skip41
\belowcaptionskip=\skip42
\bibindent=\dimen102
) (/usr/share/texmf/tex/latex/base/ifthen.sty
Package: ifthen 2001/05/26 v1.1c Standard LaTeX ifthen package (DPC)
)
(/home/gcambon/SVN_3/romsagrif/Roms_tools/Documentation/ROMSTOOLS_users_guide_B
ETA/psfig.sty
\@unused=\write3
\ps@stream=\read1
\p@intvaluex=\dimen103
\p@intvaluey=\dimen104
psfig/tex 1.10-dvips
) (/usr/share/texmf/tex/generic/epsf/epsf.tex
This is `epsf.tex' v2.7k <10 July 1997>
\epsffilein=\read2
\epsfframemargin=\dimen105
\epsfframethickness=\dimen106
\epsfrsize=\dimen107
\epsftmp=\dimen108
\epsftsize=\dimen109
\epsfxsize=\dimen110
\epsfysize=\dimen111
\pspoints=\dimen112
\epsfnoopenhelp=\toks14
) (/usr/share/texmf/tex/latex/tools/multicol.sty
Package: multicol 2004/02/14 v1.6e multicolumn formatting (FMi)
\c@tracingmulticols=\count88
\mult@box=\box26
\multicol@leftmargin=\dimen113
\c@unbalance=\count89
\c@collectmore=\count90
\doublecol@number=\count91
\multicoltolerance=\count92
\multicolpretolerance=\count93
\full@width=\dimen114
\page@free=\dimen115
\premulticols=\dimen116
\postmulticols=\dimen117
\multicolsep=\skip43
\multicolbaselineskip=\skip44
\partial@page=\box27
\last@line=\box28
\mult@rightbox=\box29
\mult@grightbox=\box30
\mult@gfirstbox=\box31
\mult@firstbox=\box32
\@tempa=\box33
\@tempa=\box34
\@tempa=\box35
\@tempa=\box36
\@tempa=\box37
\@tempa=\box38
\@tempa=\box39
\@tempa=\box40
\@tempa=\box41
\@tempa=\box42
\@tempa=\box43
\@tempa=\box44
\@tempa=\box45
\@tempa=\box46
\@tempa=\box47
\@tempa=\box48
\@tempa=\box49
\c@columnbadness=\count94
\c@finalcolumnbadness=\count95
\last@try=\dimen118
\multicolovershoot=\dimen119
\multicolundershoot=\dimen120
\mult@nat@firstbox=\box50
\colbreak@box=\box51
)
(/home/gcambon/SVN_3/romsagrif/Roms_tools/Documentation/ROMSTOOLS_users_guide_B
ETA/natbib.sty
Package: natbib 1997/07/05 6.6 (PWD)
\bibhang=\skip45
\bibsep=\skip46
LaTeX Info: Redefining \cite on input line 416.
\c@NAT@ctr=\count96
) (/usr/share/texmf/tex/latex/graphics/lscape.sty
Package: lscape 2000/10/22 v3.01 Landscape Pages (DPC)
(/usr/share/texmf/tex/latex/graphics/graphics.sty
Package: graphics 2001/07/07 v1.0n Standard LaTeX Graphics (DPC,SPQR)
(/usr/share/texmf/tex/latex/graphics/trig.sty
Package: trig 1999/03/16 v1.09 sin cos tan (DPC)
) (/usr/share/texmf/tex/latex/graphics/graphics.cfg
File: graphics.cfg 2005/02/03 v1.3 graphics configuration of teTeX/TeXLive
)
Package graphics Info: Driver file: dvips.def on input line 80.
(/usr/share/texmf/tex/latex/graphics/dvips.def
File: dvips.def 1999/02/16 v3.0i Driver-dependant file (DPC,SPQR)
))) (/usr/share/texmf/tex/latex/graphics/graphicx.sty
Package: graphicx 1999/02/16 v1.0f Enhanced LaTeX Graphics (DPC,SPQR)
(/usr/share/texmf/tex/latex/graphics/keyval.sty
Package: keyval 1999/03/16 v1.13 key=value parser (DPC)
\KV@toks@=\toks15
)
\Gin@req@height=\dimen121
\Gin@req@width=\dimen122
) (/usr/share/texmf/tex/latex/subfigure/subfigure.sty
Package: subfigure 2002/07/30 v2.1.4 subfigure package
\subfigtopskip=\skip47
\subfigcapskip=\skip48
\subfigcaptopadj=\dimen123
\subfigbottomskip=\skip49
\subfigcapmargin=\dimen124
\subfiglabelskip=\skip50
\c@subfigure=\count97
\c@lofdepth=\count98
\c@subtable=\count99
\c@lotdepth=\count100
****************************************
* Local config file subfigure.cfg used *
****************************************
(/usr/share/texmf/tex/latex/subfigure/subfigure.cfg)
\subfig@top=\skip51
\subfig@bottom=\skip52
) (/usr/share/texmf/tex/latex/tools/longtable.sty
Package: longtable 2004/02/01 v4.11 Multi-page Table package (DPC)
\LTleft=\skip53
\LTright=\skip54
\LTpre=\skip55
\LTpost=\skip56
\LTchunksize=\count101
\LTcapwidth=\dimen125
\LT@head=\box52
\LT@firsthead=\box53
\LT@foot=\box54
\LT@lastfoot=\box55
\LT@cols=\count102
\LT@rows=\count103
\c@LT@tables=\count104
\c@LT@chunks=\count105
\LT@p@ftn=\toks16
) (/usr/share/texmf/tex/latex/graphics/color.sty
Package: color 1999/02/16 v1.0i Standard LaTeX Color (DPC)
(/usr/share/texmf/tex/latex/graphics/color.cfg
File: color.cfg 2005/02/03 v1.3 color configuration of teTeX/TeXLive
)
Package color Info: Driver file: dvips.def on input line 125.
(/usr/share/texmf/tex/latex/graphics/dvipsnam.def
File: dvipsnam.def 1999/02/16 v3.0i Driver-dependant file (DPC,SPQR)
)) (/usr/share/texmf/tex/latex/base/inputenc.sty
Package: inputenc 2004/02/05 v1.0d Input encoding file
(/usr/share/texmf/tex/latex/base/latin1.def
File: latin1.def 2004/02/05 v1.0d Input encoding file
))
\sizebox=\box56
\lthtmlwrite=\write4
(./images.aux

LaTeX Warning: Label `fig:makeclimpiscesNO4' multiply defined.


LaTeX Warning: Label `sec:quikscat-daily-data' multiply defined.


LaTeX Warning: Label `tab:cppkeysSurForc' multiply defined.

)
\openout1 = `images.aux'.

LaTeX Font Info:    Checking defaults for OML/cmm/m/it on input line 127.
LaTeX Font Info:    ... okay on input line 127.
LaTeX Font Info:    Checking defaults for T1/cmr/m/n on input line 127.
LaTeX Font Info:    ... okay on input line 127.
LaTeX Font Info:    Checking defaults for OT1/cmr/m/n on input line 127.
LaTeX Font Info:    ... okay on input line 127.
LaTeX Font Info:    Checking defaults for OMS/cmsy/m/n on input line 127.
LaTeX Font Info:    ... okay on input line 127.
LaTeX Font Info:    Checking defaults for OMX/cmex/m/n on input line 127.
LaTeX Font Info:    ... okay on input line 127.
LaTeX Font Info:    Checking defaults for U/cmr/m/n on input line 127.
LaTeX Font Info:    ... okay on input line 127.

latex2htmlLength hsize=349.0pt

latex2htmlLength vsize=685.29738pt

latex2htmlLength hoffset=0.0pt

latex2htmlLength voffset=0.0pt

latex2htmlLength topmargin=0.0pt

latex2htmlLength topskip=0.00003pt

latex2htmlLength headheight=0.0pt

latex2htmlLength headsep=0.0pt

latex2htmlLength parskip=0.0pt plus 1.0pt

latex2htmlLength oddsidemargin=28.45274pt

latex2htmlLength evensidemargin=0.0pt

LaTeX Font Info:    External font `cmex10' loaded for size
(Font)              <10.95> on input line 151.
LaTeX Font Info:    External font `cmex10' loaded for size
(Font)              <8> on input line 151.
LaTeX Font Info:    External font `cmex10' loaded for size
(Font)              <6> on input line 151.
l2hSize :tex2html_wrap_inline4372:9.12923pt::0.0pt::11.9088pt.
[1



]
l2hSize :tex2html_wrap_inline4375:7.07185pt::0.0pt::6.02254pt.
[2


]
l2hSize :tex2html_wrap_inline4393:7.07185pt::0.0pt::9.06422pt.
[3


]
l2hSize :tex2html_wrap_inline4396:7.07185pt::0.0pt::14.53922pt.
[4


]
File: roms_gui2.eps Graphic file (type eps)
<roms_gui2.eps>
l2hSize :tex2html_wrap4399:186.31354pt::0.0pt::349.0pt.
[5


]
l2hSize :tex2html_wrap_inline55:7.07185pt::0.0pt::14.53922pt.
[6


]
l2hSize :tex2html_wrap_inline133:8.7125pt::8.7125pt::3.5892pt.
[7


]
l2hSize :tex2html_wrap_inline317:7.62646pt::0.0pt::19.28928pt.
[8


]
l2hSize :tex2html_wrap_inline319:7.07185pt::0.0pt::9.06422pt.
[9


]
l2hSize :tex2html_wrap_inline321:8.41812pt::0.0pt::8.8281pt.
[10


]
l2hSize :tex2html_wrap_inline323:7.62646pt::0.0pt::10.7726pt.
[11


]
l2hSize :tex2html_wrap_inline325:7.57185pt::7.57185pt::9.06422pt.
[12


]
l2hSize :tex2html_wrap_inline327:7.07185pt::0.0pt::22.44756pt.
[13


]
l2hSize :tex2html_wrap_inline329:7.62646pt::0.0pt::5.29759pt.
[14


]
l2hSize :tex2html_wrap_inline628:7.07185pt::0.0pt::11.49754pt.
[15


]
l2hSize :tex2html_wrap_inline630:7.07185pt::0.0pt::11.49754pt.
[16


]
l2hSize :tex2html_wrap_inline632:8.7125pt::8.7125pt::6.02254pt.
[17


]
l2hSize :tex2html_wrap_inline658:8.7125pt::8.7125pt::68.0801pt.
[18


]
l2hSize :tex2html_wrap_inline666:7.98248pt::7.98248pt::13.83125pt.
[19


]
l2hSize :tex2html_wrap_inline668:10.36691pt::10.36691pt::14.92917pt.
[20


]
l2hSize :tex2html_wrap_inline670:7.07185pt::0.0pt::5.79189pt.
[21


]
l2hSize :displaymath672:28.70943pt::0.0pt::349.0pt.
[22


]
l2hSize :tex2html_wrap_inline676:7.57185pt::7.57185pt::17.58092pt.
[23


]
psfig: searching make_grid_benguela.eps for bounding box
psfig: including make_grid_benguela.eps 
l2hSize :figure504:256.07468pt::0.0pt::349.0pt.
[24


]
psfig: searching make_frcwind_benguela.eps for bounding box
psfig: including make_frcwind_benguela.eps 
l2hSize :figure519:337.16495pt::0.0pt::349.0pt.
[25


]
psfig: searching make_clim_benguela.eps for bounding box
psfig: including make_clim_benguela.eps 
l2hSize :figure529:266.31764pt::0.0pt::349.0pt.
[26


]
l2hSize :tex2html_wrap_inline726:7.57185pt::7.57185pt::29.13922pt.
[27


]
psfig: searching roms_gui_select2.eps for bounding box
psfig: including roms_gui_select2.eps 
l2hSize :figure550:96.73917pt::0.0pt::349.0pt.
[28


]
psfig: searching roms_gui2.eps for bounding box
psfig: including roms_gui2.eps 
l2hSize :figure555:194.61674pt::0.0pt::349.0pt.
[29


]
l2hSize :tex2html_wrap_inline758:9.62923pt::9.62923pt::57.9083pt.
[30


]
l2hSize :tex2html_wrap_inline760:10.94858pt::10.94858pt::56.86176pt.
[31


]
l2hSize :tex2html_wrap_inline762:10.36691pt::10.36691pt::38.33704pt.
[32


]
l2hSize :tex2html_wrap_inline764:12.23756pt::12.23756pt::93.78226pt.
[33


]
l2hSize :tex2html_wrap_inline766:8.10416pt::8.10416pt::27.19627pt.
[34


]
l2hSize :tex2html_wrap_inline768:10.36691pt::10.36691pt::74.33763pt.
[35


]
l2hSize :tex2html_wrap_inline770:10.58516pt::10.58516pt::44.52493pt.
[36


]
l2hSize :tex2html_wrap_inline772:10.36691pt::10.36691pt::82.82614pt.
[37


]
l2hSize :tex2html_wrap_inline774:14.22646pt::14.22646pt::217.424pt.
[38


]
l2hSize :tex2html_wrap_inline778:9.12923pt::0.0pt::11.9088pt.
[39


]
l2hSize :tex2html_wrap_inline786:12.63747pt::12.63747pt::102.90282pt.
[40


]
File: NO3_surf_t1.eps Graphic file (type eps)
<NO3_surf_t1.eps>
l2hSize :tex2html_wrap4640:162.8127pt::0.0pt::349.0pt.
[41


]
File: NO3_profil_t1.eps Graphic file (type eps)
<NO3_profil_t1.eps>
l2hSize :tex2html_wrap4641:135.07037pt::0.0pt::349.0pt.
[42


]
File: PO4_surf_t1.eps Graphic file (type eps)
<PO4_surf_t1.eps>
l2hSize :tex2html_wrap4645:159.37808pt::0.0pt::349.0pt.
[43


]
File: PO4_profil_t1.eps Graphic file (type eps)
<PO4_profil_t1.eps>
l2hSize :tex2html_wrap4646:134.28589pt::0.0pt::349.0pt.
[44


]
File: dustdepo_surface.eps Graphic file (type eps)
<dustdepo_surface.eps>
l2hSize :tex2html_wrap4652:275.229pt::0.0pt::349.0pt.
[45


]
l2hSize :tex2html_wrap_inline1041:7.07185pt::0.0pt::366.76534pt.
[46


]
l2hSize :tex2html_wrap_inline1053:7.07185pt::0.0pt::349.73195pt.
[47


]
l2hSize :tex2html_wrap_inline1057:7.57185pt::7.57185pt::61.38084pt.
[48


]
l2hSize :tex2html_wrap_inline1065:7.07185pt::0.0pt::375.28203pt.
[49


]
l2hSize :tex2html_wrap_inline1075:7.07185pt::0.0pt::22.44756pt.
[50


]
l2hSize :tex2html_wrap_inline1079:7.07185pt::0.0pt::6.02254pt.
[51


]
l2hSize :tex2html_wrap_inline1081:7.07185pt::0.0pt::11.49754pt.
[52


]
l2hSize :tex2html_wrap_inline1083:7.57185pt::7.57185pt::20.01424pt.
[53


]
l2hSize :tex2html_wrap_inline1085:7.57185pt::7.57185pt::44.95593pt.
[54


]
l2hSize :tex2html_wrap_inline1111:7.07185pt::0.0pt::22.44756pt.
[55


]
psfig: searching nestguiselect6.eps for bounding box
psfig: including nestguiselect6.eps 
l2hSize :figure1214:112.38815pt::0.0pt::349.0pt.
[56


]
psfig: searching nestgui6.eps for bounding box
psfig: including nestgui6.eps 
l2hSize :figure1219:341.43306pt::0.0pt::349.0pt.
[57


]
l2hSize :tex2html_wrap_inline1247:8.7125pt::8.7125pt::155.43665pt.
[58


]
l2hSize :tex2html_wrap_inline1249:7.07185pt::0.0pt::7.59279pt.
[59


]
psfig: searching nesting_fig1.eps for bounding box
psfig: including nesting_fig1.eps 
l2hSize :figure1350:110.96564pt::0.0pt::349.0pt.
[60


]
l2hSize :tex2html_wrap_inline1427:8.10416pt::8.10416pt::26.44217pt.
[61


]
l2hSize :tex2html_wrap_inline1429:8.10416pt::8.10416pt::25.57806pt.
[62


]
l2hSize :tex2html_wrap_inline1431:8.10416pt::8.10416pt::24.92133pt.
[63


]
l2hSize :tex2html_wrap_inline1433:8.10416pt::8.10416pt::24.05722pt.
[64


]
l2hSize :tex2html_wrap_inline1435:9.12923pt::0.0pt::32.69273pt.
[65


]
l2hSize :tex2html_wrap_inline1437:7.57185pt::7.57185pt::9.06422pt.
[66


]
l2hSize :tex2html_wrap_inline1441:9.12923pt::0.0pt::29.69751pt.
[67


]
l2hSize :tex2html_wrap_inline1500:7.57185pt::7.57185pt::64.42245pt.
[68


]
l2hSize :tex2html_wrap_inline1502:7.07185pt::0.0pt::23.05585pt.
[69


]
l2hSize :tex2html_wrap_inline1504:7.07185pt::0.0pt::23.05585pt.
[70


]
l2hSize :tex2html_wrap_inline1506:7.07185pt::0.0pt::23.05585pt.
[71


]
l2hSize :tex2html_wrap_inline1510:7.07185pt::0.0pt::7.84752pt.
[72


]
l2hSize :tex2html_wrap_inline1512:7.07185pt::0.0pt::18.7975pt.
[73


]
l2hSize :tex2html_wrap_inline1514:7.07185pt::0.0pt::23.05585pt.
[74


]
l2hSize :tex2html_wrap_inline1516:7.07185pt::0.0pt::23.05585pt.
[75


]
l2hSize :tex2html_wrap_inline1518:7.07185pt::0.0pt::23.05585pt.
[76


]
l2hSize :tex2html_wrap_inline1520:7.60416pt::0.0pt::3.5892pt.
[77


]
l2hSize :tex2html_wrap_inline1528:7.07185pt::0.0pt::11.49754pt.
[78


]
l2hSize :tex2html_wrap_inline1532:7.07185pt::0.0pt::23.05585pt.
[79


]
l2hSize :tex2html_wrap_inline1536:8.10416pt::8.10416pt::5.84193pt.
[80


]
l2hSize :tex2html_wrap_inline1538:7.57185pt::7.57185pt::6.37741pt.
[81


]
l2hSize :tex2html_wrap_inline1540:7.57185pt::7.57185pt::6.20885pt.
[82


]
l2hSize :tex2html_wrap_inline1560:7.07185pt::0.0pt::33.39748pt.
[83


]
l2hSize :tex2html_wrap_inline1566:7.57185pt::7.57185pt::42.52249pt.
[84


]
l2hSize :tex2html_wrap_inline1902:7.07185pt::0.0pt::4.19753pt.
[85


]
l2hSize :tex2html_wrap_inline1992:7.57185pt::7.57185pt::17.93361pt.
[86


]
l2hSize :tex2html_wrap_inline1994:7.57185pt::7.57185pt::19.67203pt.
[87


]
l2hSize :tex2html_wrap_inline1996:8.7125pt::8.7125pt::84.14757pt.
[88


]
l2hSize :tex2html_wrap_inline2506:7.07185pt::0.0pt::16.97255pt.
[89


]
l2hSize :tex2html_wrap_inline2508:7.07185pt::0.0pt::22.44756pt.
[90


]
l2hSize :tex2html_wrap_inline2510:7.07185pt::0.0pt::11.49754pt.
[91


]
l2hSize :tex2html_wrap_inline2512:7.07185pt::0.0pt::6.02254pt.
[92


]
l2hSize :tex2html_wrap_inline2514:7.60416pt::0.0pt::25.71355pt.
[93


]
l2hSize :tex2html_wrap_inline2516:7.60416pt::0.0pt::25.71355pt.
[94


]
l2hSize :tex2html_wrap_inline2518:7.60416pt::0.0pt::25.71355pt.
[95


]
l2hSize :tex2html_wrap_inline2524:7.57185pt::7.57185pt::14.53923pt.
[96


]
l2hSize :tex2html_wrap_inline2526:7.48248pt::0.0pt::8.46729pt.
[97


]
l2hSize :tex2html_wrap_inline2528:7.07185pt::0.0pt::11.49754pt.
[98


]
l2hSize :tex2html_wrap_inline2530:7.07185pt::0.0pt::6.02254pt.
[99


]
l2hSize :tex2html_wrap_inline2538:7.07185pt::0.0pt::11.49754pt.
[100


]
l2hSize :tex2html_wrap_inline2540:7.07185pt::0.0pt::11.49754pt.
[101


]
l2hSize :tex2html_wrap_inline2546:7.60416pt::0.0pt::36.66356pt.
[102


]
l2hSize :tex2html_wrap_inline2548:9.12923pt::0.0pt::14.91183pt.
[103


]
l2hSize :tex2html_wrap_inline2550:7.07185pt::0.0pt::9.06421pt.
[104


]
l2hSize :tex2html_wrap_inline2554:9.12923pt::0.0pt::14.91183pt.
[105


]
l2hSize :tex2html_wrap_inline2556:7.60416pt::0.0pt::41.53014pt.
[106


]
l2hSize :tex2html_wrap_inline2558:9.12923pt::0.0pt::14.91183pt.
[107


]
l2hSize :tex2html_wrap_inline2560:7.60416pt::0.0pt::47.00514pt.
[108


]
l2hSize :tex2html_wrap_inline2568:7.07185pt::0.0pt::30.3558pt.
[109


]
l2hSize :tex2html_wrap_inline2572:7.07185pt::0.0pt::14.53922pt.
[110


]
l2hSize :tex2html_wrap_inline2574:7.57185pt::7.57185pt::20.01424pt.
[111


]
l2hSize :tex2html_wrap_inline2578:7.57185pt::7.57185pt::14.53923pt.
[112


]
l2hSize :tex2html_wrap_inline2586:7.57185pt::7.57185pt::14.53923pt.
[113


]
l2hSize :tex2html_wrap_inline2592:7.07185pt::0.0pt::9.06421pt.
[114


]
l2hSize :tex2html_wrap_inline2598:7.07185pt::0.0pt::30.58783pt.
[115


]
l2hSize :tex2html_wrap_inline2600:7.07185pt::0.0pt::20.01422pt.
[116


]
l2hSize :tex2html_wrap_inline2604:7.07185pt::0.0pt::20.01422pt.
[117


]
l2hSize :tex2html_wrap_inline2606:7.07185pt::0.0pt::9.06421pt.
[118


]
l2hSize :tex2html_wrap_inline2614:7.07185pt::0.0pt::11.49754pt.
[119


]
l2hSize :tex2html_wrap_inline2616:7.07185pt::0.0pt::11.49754pt.
[120


]
l2hSize :tex2html_wrap_inline2744:7.07185pt::0.0pt::6.02254pt.
[121


]
l2hSize :tex2html_wrap_inline2748:7.07185pt::0.0pt::16.97255pt.
[122


]
l2hSize :tex2html_wrap_inline2754:7.07185pt::0.0pt::6.02254pt.
[123


]
l2hSize :tex2html_wrap_inline2756:7.07185pt::0.0pt::11.49754pt.
[124


]
l2hSize :tex2html_wrap_inline2760:7.07185pt::0.0pt::20.01422pt.
[125


]
l2hSize :tex2html_wrap_inline2762:7.07185pt::0.0pt::17.58089pt.
[126


]
l2hSize :tex2html_wrap_inline2766:7.07185pt::0.0pt::11.49754pt.
[127


]
l2hSize :tex2html_wrap_inline2774:7.07185pt::0.0pt::5.68033pt.
[128


]
l2hSize :tex2html_wrap_inline2778:7.57185pt::7.57185pt::9.06422pt.
[129


]
l2hSize :tex2html_wrap_inline2782:7.07185pt::0.0pt::11.49754pt.
[130


]
l2hSize :tex2html_wrap_inline2794:7.07185pt::0.0pt::6.81593pt.
[131


]
l2hSize :tex2html_wrap_inline2796:7.07185pt::0.0pt::6.24812pt.
[132


]
l2hSize :tex2html_wrap_inline2798:7.07185pt::0.0pt::6.81593pt.
[133


]
l2hSize :tex2html_wrap_inline2800:7.07185pt::0.0pt::6.24812pt.
[134


]
l2hSize :tex2html_wrap_inline2810:9.62923pt::9.62923pt::35.35692pt.
[135


]
l2hSize :tex2html_wrap_inline3044:7.4181pt::0.0pt::5.15593pt.
[136


] (./images.aux)

LaTeX Warning: There were multiply-defined labels.

 ) 
Here is how much of TeX's memory you used:
 1810 strings out of 94501
 22719 string characters out of 1176788
 74036 words of memory out of 1000000
 4982 multiletter control sequences out of 10000+50000
 6379 words of font info for 23 fonts, out of 500000 for 2000
 580 hyphenation exceptions out of 1000
 25i,6n,24p,247b,214s stack positions out of 1500i,500n,5000p,200000b,5000s

Output written on images.dvi (136 pages, 31180 bytes).
